[2025-04-01 15:35:17,987] {processor.py:163} INFO - Started process (PID=34) to work on /opt/airflow/dags/data_ingestion_gcs_dag.py
[2025-04-01 15:35:17,987] {processor.py:642} INFO - Processing file /opt/airflow/dags/data_ingestion_gcs_dag.py for tasks to queue
[2025-04-01 15:35:17,988] {logging_mixin.py:109} INFO - [2025-04-01 15:35:17,988] {dagbag.py:500} INFO - Filling up the DagBag from /opt/airflow/dags/data_ingestion_gcs_dag.py
[2025-04-01 15:35:20,813] {processor.py:654} INFO - DAG(s) dict_keys(['data_ingestion_gcs_dag']) retrieved from /opt/airflow/dags/data_ingestion_gcs_dag.py
[2025-04-01 15:35:24,224] {logging_mixin.py:109} INFO - [2025-04-01 15:35:24,224] {manager.py:496} INFO - Created Permission View: can edit on DAG:data_ingestion_gcs_dag
[2025-04-01 15:35:24,233] {logging_mixin.py:109} INFO - [2025-04-01 15:35:24,233] {manager.py:496} INFO - Created Permission View: can read on DAG:data_ingestion_gcs_dag
[2025-04-01 15:35:24,234] {logging_mixin.py:109} INFO - [2025-04-01 15:35:24,233] {dag.py:2396} INFO - Sync 1 DAGs
[2025-04-01 15:35:24,243] {logging_mixin.py:109} INFO - [2025-04-01 15:35:24,242] {dag.py:2415} INFO - Creating ORM DAG for data_ingestion_gcs_dag
[2025-04-01 15:35:24,251] {logging_mixin.py:109} INFO - [2025-04-01 15:35:24,251] {dag.py:2935} INFO - Setting next_dagrun for data_ingestion_gcs_dag to 2025-03-31 00:00:00+00:00
[2025-04-01 15:35:24,264] {processor.py:171} INFO - Processing /opt/airflow/dags/data_ingestion_gcs_dag.py took 6.279 seconds
[2025-04-01 15:35:54,339] {processor.py:163} INFO - Started process (PID=81) to work on /opt/airflow/dags/data_ingestion_gcs_dag.py
[2025-04-01 15:35:54,340] {processor.py:642} INFO - Processing file /opt/airflow/dags/data_ingestion_gcs_dag.py for tasks to queue
[2025-04-01 15:35:54,340] {logging_mixin.py:109} INFO - [2025-04-01 15:35:54,340] {dagbag.py:500} INFO - Filling up the DagBag from /opt/airflow/dags/data_ingestion_gcs_dag.py
[2025-04-01 15:35:54,937] {processor.py:654} INFO - DAG(s) dict_keys(['data_ingestion_gcs_dag']) retrieved from /opt/airflow/dags/data_ingestion_gcs_dag.py
[2025-04-01 15:35:54,945] {logging_mixin.py:109} INFO - [2025-04-01 15:35:54,944] {dag.py:2396} INFO - Sync 1 DAGs
[2025-04-01 15:35:54,959] {logging_mixin.py:109} INFO - [2025-04-01 15:35:54,959] {dag.py:2935} INFO - Setting next_dagrun for data_ingestion_gcs_dag to 2025-03-31 00:00:00+00:00
[2025-04-01 15:35:54,967] {processor.py:171} INFO - Processing /opt/airflow/dags/data_ingestion_gcs_dag.py took 0.630 seconds
[2025-04-01 15:36:25,049] {processor.py:163} INFO - Started process (PID=108) to work on /opt/airflow/dags/data_ingestion_gcs_dag.py
[2025-04-01 15:36:25,054] {processor.py:642} INFO - Processing file /opt/airflow/dags/data_ingestion_gcs_dag.py for tasks to queue
[2025-04-01 15:36:25,055] {logging_mixin.py:109} INFO - [2025-04-01 15:36:25,055] {dagbag.py:500} INFO - Filling up the DagBag from /opt/airflow/dags/data_ingestion_gcs_dag.py
[2025-04-01 15:36:25,760] {processor.py:654} INFO - DAG(s) dict_keys(['data_ingestion_gcs_dag']) retrieved from /opt/airflow/dags/data_ingestion_gcs_dag.py
[2025-04-01 15:36:25,768] {logging_mixin.py:109} INFO - [2025-04-01 15:36:25,767] {dag.py:2396} INFO - Sync 1 DAGs
[2025-04-01 15:36:25,780] {logging_mixin.py:109} INFO - [2025-04-01 15:36:25,780] {dag.py:2935} INFO - Setting next_dagrun for data_ingestion_gcs_dag to 2025-03-31 00:00:00+00:00
[2025-04-01 15:36:25,788] {processor.py:171} INFO - Processing /opt/airflow/dags/data_ingestion_gcs_dag.py took 0.743 seconds
[2025-04-01 15:36:55,880] {processor.py:163} INFO - Started process (PID=145) to work on /opt/airflow/dags/data_ingestion_gcs_dag.py
[2025-04-01 15:36:55,886] {processor.py:642} INFO - Processing file /opt/airflow/dags/data_ingestion_gcs_dag.py for tasks to queue
[2025-04-01 15:36:55,887] {logging_mixin.py:109} INFO - [2025-04-01 15:36:55,887] {dagbag.py:500} INFO - Filling up the DagBag from /opt/airflow/dags/data_ingestion_gcs_dag.py
[2025-04-01 15:36:56,369] {processor.py:654} INFO - DAG(s) dict_keys(['data_ingestion_gcs_dag']) retrieved from /opt/airflow/dags/data_ingestion_gcs_dag.py
[2025-04-01 15:36:56,376] {logging_mixin.py:109} INFO - [2025-04-01 15:36:56,376] {dag.py:2396} INFO - Sync 1 DAGs
[2025-04-01 15:36:56,389] {logging_mixin.py:109} INFO - [2025-04-01 15:36:56,389] {dag.py:2935} INFO - Setting next_dagrun for data_ingestion_gcs_dag to 2025-03-31 00:00:00+00:00
[2025-04-01 15:36:56,396] {processor.py:171} INFO - Processing /opt/airflow/dags/data_ingestion_gcs_dag.py took 0.520 seconds
[2025-04-01 15:37:26,479] {processor.py:163} INFO - Started process (PID=172) to work on /opt/airflow/dags/data_ingestion_gcs_dag.py
[2025-04-01 15:37:26,485] {processor.py:642} INFO - Processing file /opt/airflow/dags/data_ingestion_gcs_dag.py for tasks to queue
[2025-04-01 15:37:26,485] {logging_mixin.py:109} INFO - [2025-04-01 15:37:26,485] {dagbag.py:500} INFO - Filling up the DagBag from /opt/airflow/dags/data_ingestion_gcs_dag.py
[2025-04-01 15:37:26,981] {processor.py:654} INFO - DAG(s) dict_keys(['data_ingestion_gcs_dag']) retrieved from /opt/airflow/dags/data_ingestion_gcs_dag.py
[2025-04-01 15:37:26,988] {logging_mixin.py:109} INFO - [2025-04-01 15:37:26,988] {dag.py:2396} INFO - Sync 1 DAGs
[2025-04-01 15:37:27,001] {logging_mixin.py:109} INFO - [2025-04-01 15:37:27,001] {dag.py:2935} INFO - Setting next_dagrun for data_ingestion_gcs_dag to 2025-03-31 00:00:00+00:00
[2025-04-01 15:37:27,013] {processor.py:171} INFO - Processing /opt/airflow/dags/data_ingestion_gcs_dag.py took 0.537 seconds
[2025-04-01 15:37:57,083] {processor.py:163} INFO - Started process (PID=207) to work on /opt/airflow/dags/data_ingestion_gcs_dag.py
[2025-04-01 15:37:57,089] {processor.py:642} INFO - Processing file /opt/airflow/dags/data_ingestion_gcs_dag.py for tasks to queue
[2025-04-01 15:37:57,090] {logging_mixin.py:109} INFO - [2025-04-01 15:37:57,090] {dagbag.py:500} INFO - Filling up the DagBag from /opt/airflow/dags/data_ingestion_gcs_dag.py
[2025-04-01 15:37:57,569] {processor.py:654} INFO - DAG(s) dict_keys(['data_ingestion_gcs_dag']) retrieved from /opt/airflow/dags/data_ingestion_gcs_dag.py
[2025-04-01 15:37:57,576] {logging_mixin.py:109} INFO - [2025-04-01 15:37:57,576] {dag.py:2396} INFO - Sync 1 DAGs
[2025-04-01 15:37:57,589] {logging_mixin.py:109} INFO - [2025-04-01 15:37:57,589] {dag.py:2935} INFO - Setting next_dagrun for data_ingestion_gcs_dag to 2025-03-31 00:00:00+00:00
[2025-04-01 15:37:57,600] {processor.py:171} INFO - Processing /opt/airflow/dags/data_ingestion_gcs_dag.py took 0.521 seconds
[2025-04-01 15:38:27,690] {processor.py:163} INFO - Started process (PID=244) to work on /opt/airflow/dags/data_ingestion_gcs_dag.py
[2025-04-01 15:38:27,704] {processor.py:642} INFO - Processing file /opt/airflow/dags/data_ingestion_gcs_dag.py for tasks to queue
[2025-04-01 15:38:27,705] {logging_mixin.py:109} INFO - [2025-04-01 15:38:27,705] {dagbag.py:500} INFO - Filling up the DagBag from /opt/airflow/dags/data_ingestion_gcs_dag.py
[2025-04-01 15:38:28,192] {processor.py:654} INFO - DAG(s) dict_keys(['data_ingestion_gcs_dag']) retrieved from /opt/airflow/dags/data_ingestion_gcs_dag.py
[2025-04-01 15:38:28,199] {logging_mixin.py:109} INFO - [2025-04-01 15:38:28,199] {dag.py:2396} INFO - Sync 1 DAGs
[2025-04-01 15:38:28,213] {logging_mixin.py:109} INFO - [2025-04-01 15:38:28,212] {dag.py:2935} INFO - Setting next_dagrun for data_ingestion_gcs_dag to 2025-03-31 00:00:00+00:00
[2025-04-01 15:38:28,225] {processor.py:171} INFO - Processing /opt/airflow/dags/data_ingestion_gcs_dag.py took 0.539 seconds
[2025-04-01 15:38:58,306] {processor.py:163} INFO - Started process (PID=271) to work on /opt/airflow/dags/data_ingestion_gcs_dag.py
[2025-04-01 15:38:58,311] {processor.py:642} INFO - Processing file /opt/airflow/dags/data_ingestion_gcs_dag.py for tasks to queue
[2025-04-01 15:38:58,312] {logging_mixin.py:109} INFO - [2025-04-01 15:38:58,312] {dagbag.py:500} INFO - Filling up the DagBag from /opt/airflow/dags/data_ingestion_gcs_dag.py
[2025-04-01 15:38:58,786] {processor.py:654} INFO - DAG(s) dict_keys(['data_ingestion_gcs_dag']) retrieved from /opt/airflow/dags/data_ingestion_gcs_dag.py
[2025-04-01 15:38:58,794] {logging_mixin.py:109} INFO - [2025-04-01 15:38:58,794] {dag.py:2396} INFO - Sync 1 DAGs
[2025-04-01 15:38:58,807] {logging_mixin.py:109} INFO - [2025-04-01 15:38:58,807] {dag.py:2935} INFO - Setting next_dagrun for data_ingestion_gcs_dag to 2025-03-31 00:00:00+00:00
[2025-04-01 15:38:58,819] {processor.py:171} INFO - Processing /opt/airflow/dags/data_ingestion_gcs_dag.py took 0.517 seconds
[2025-04-01 15:39:28,907] {processor.py:163} INFO - Started process (PID=308) to work on /opt/airflow/dags/data_ingestion_gcs_dag.py
[2025-04-01 15:39:28,913] {processor.py:642} INFO - Processing file /opt/airflow/dags/data_ingestion_gcs_dag.py for tasks to queue
[2025-04-01 15:39:28,914] {logging_mixin.py:109} INFO - [2025-04-01 15:39:28,914] {dagbag.py:500} INFO - Filling up the DagBag from /opt/airflow/dags/data_ingestion_gcs_dag.py
[2025-04-01 15:39:29,393] {processor.py:654} INFO - DAG(s) dict_keys(['data_ingestion_gcs_dag']) retrieved from /opt/airflow/dags/data_ingestion_gcs_dag.py
[2025-04-01 15:39:29,401] {logging_mixin.py:109} INFO - [2025-04-01 15:39:29,401] {dag.py:2396} INFO - Sync 1 DAGs
[2025-04-01 15:39:29,413] {logging_mixin.py:109} INFO - [2025-04-01 15:39:29,413] {dag.py:2935} INFO - Setting next_dagrun for data_ingestion_gcs_dag to 2025-03-31 00:00:00+00:00
[2025-04-01 15:39:29,426] {processor.py:171} INFO - Processing /opt/airflow/dags/data_ingestion_gcs_dag.py took 0.523 seconds
[2025-04-01 15:39:59,523] {processor.py:163} INFO - Started process (PID=342) to work on /opt/airflow/dags/data_ingestion_gcs_dag.py
[2025-04-01 15:39:59,528] {processor.py:642} INFO - Processing file /opt/airflow/dags/data_ingestion_gcs_dag.py for tasks to queue
[2025-04-01 15:39:59,528] {logging_mixin.py:109} INFO - [2025-04-01 15:39:59,528] {dagbag.py:500} INFO - Filling up the DagBag from /opt/airflow/dags/data_ingestion_gcs_dag.py
[2025-04-01 15:40:00,021] {processor.py:654} INFO - DAG(s) dict_keys(['data_ingestion_gcs_dag']) retrieved from /opt/airflow/dags/data_ingestion_gcs_dag.py
[2025-04-01 15:40:00,030] {logging_mixin.py:109} INFO - [2025-04-01 15:40:00,029] {dag.py:2396} INFO - Sync 1 DAGs
[2025-04-01 15:40:00,044] {logging_mixin.py:109} INFO - [2025-04-01 15:40:00,044] {dag.py:2935} INFO - Setting next_dagrun for data_ingestion_gcs_dag to 2025-03-31 00:00:00+00:00
[2025-04-01 15:40:00,059] {processor.py:171} INFO - Processing /opt/airflow/dags/data_ingestion_gcs_dag.py took 0.539 seconds
[2025-04-01 15:40:30,167] {processor.py:163} INFO - Started process (PID=372) to work on /opt/airflow/dags/data_ingestion_gcs_dag.py
[2025-04-01 15:40:30,172] {processor.py:642} INFO - Processing file /opt/airflow/dags/data_ingestion_gcs_dag.py for tasks to queue
[2025-04-01 15:40:30,173] {logging_mixin.py:109} INFO - [2025-04-01 15:40:30,173] {dagbag.py:500} INFO - Filling up the DagBag from /opt/airflow/dags/data_ingestion_gcs_dag.py
[2025-04-01 15:40:30,646] {processor.py:654} INFO - DAG(s) dict_keys(['data_ingestion_gcs_dag']) retrieved from /opt/airflow/dags/data_ingestion_gcs_dag.py
[2025-04-01 15:40:30,654] {logging_mixin.py:109} INFO - [2025-04-01 15:40:30,653] {dag.py:2396} INFO - Sync 1 DAGs
[2025-04-01 15:40:30,666] {logging_mixin.py:109} INFO - [2025-04-01 15:40:30,666] {dag.py:2935} INFO - Setting next_dagrun for data_ingestion_gcs_dag to 2025-03-31 00:00:00+00:00
[2025-04-01 15:40:30,674] {processor.py:171} INFO - Processing /opt/airflow/dags/data_ingestion_gcs_dag.py took 0.509 seconds
[2025-04-01 15:41:00,743] {processor.py:163} INFO - Started process (PID=409) to work on /opt/airflow/dags/data_ingestion_gcs_dag.py
[2025-04-01 15:41:00,748] {processor.py:642} INFO - Processing file /opt/airflow/dags/data_ingestion_gcs_dag.py for tasks to queue
[2025-04-01 15:41:00,749] {logging_mixin.py:109} INFO - [2025-04-01 15:41:00,749] {dagbag.py:500} INFO - Filling up the DagBag from /opt/airflow/dags/data_ingestion_gcs_dag.py
[2025-04-01 15:41:01,240] {processor.py:654} INFO - DAG(s) dict_keys(['data_ingestion_gcs_dag']) retrieved from /opt/airflow/dags/data_ingestion_gcs_dag.py
[2025-04-01 15:41:01,248] {logging_mixin.py:109} INFO - [2025-04-01 15:41:01,247] {dag.py:2396} INFO - Sync 1 DAGs
[2025-04-01 15:41:01,261] {logging_mixin.py:109} INFO - [2025-04-01 15:41:01,261] {dag.py:2935} INFO - Setting next_dagrun for data_ingestion_gcs_dag to 2025-03-31 00:00:00+00:00
[2025-04-01 15:41:01,272] {processor.py:171} INFO - Processing /opt/airflow/dags/data_ingestion_gcs_dag.py took 0.534 seconds
[2025-04-01 15:41:31,361] {processor.py:163} INFO - Started process (PID=435) to work on /opt/airflow/dags/data_ingestion_gcs_dag.py
[2025-04-01 15:41:31,366] {processor.py:642} INFO - Processing file /opt/airflow/dags/data_ingestion_gcs_dag.py for tasks to queue
[2025-04-01 15:41:31,367] {logging_mixin.py:109} INFO - [2025-04-01 15:41:31,367] {dagbag.py:500} INFO - Filling up the DagBag from /opt/airflow/dags/data_ingestion_gcs_dag.py
[2025-04-01 15:41:31,845] {processor.py:654} INFO - DAG(s) dict_keys(['data_ingestion_gcs_dag']) retrieved from /opt/airflow/dags/data_ingestion_gcs_dag.py
[2025-04-01 15:41:31,853] {logging_mixin.py:109} INFO - [2025-04-01 15:41:31,853] {dag.py:2396} INFO - Sync 1 DAGs
[2025-04-01 15:41:31,866] {logging_mixin.py:109} INFO - [2025-04-01 15:41:31,865] {dag.py:2935} INFO - Setting next_dagrun for data_ingestion_gcs_dag to 2025-03-31 00:00:00+00:00
[2025-04-01 15:41:31,878] {processor.py:171} INFO - Processing /opt/airflow/dags/data_ingestion_gcs_dag.py took 0.522 seconds
[2025-04-01 15:42:01,963] {processor.py:163} INFO - Started process (PID=472) to work on /opt/airflow/dags/data_ingestion_gcs_dag.py
[2025-04-01 15:42:01,969] {processor.py:642} INFO - Processing file /opt/airflow/dags/data_ingestion_gcs_dag.py for tasks to queue
[2025-04-01 15:42:01,969] {logging_mixin.py:109} INFO - [2025-04-01 15:42:01,969] {dagbag.py:500} INFO - Filling up the DagBag from /opt/airflow/dags/data_ingestion_gcs_dag.py
[2025-04-01 15:42:02,449] {processor.py:654} INFO - DAG(s) dict_keys(['data_ingestion_gcs_dag']) retrieved from /opt/airflow/dags/data_ingestion_gcs_dag.py
[2025-04-01 15:42:02,457] {logging_mixin.py:109} INFO - [2025-04-01 15:42:02,456] {dag.py:2396} INFO - Sync 1 DAGs
[2025-04-01 15:42:02,470] {logging_mixin.py:109} INFO - [2025-04-01 15:42:02,470] {dag.py:2935} INFO - Setting next_dagrun for data_ingestion_gcs_dag to 2025-03-31 00:00:00+00:00
[2025-04-01 15:42:02,483] {processor.py:171} INFO - Processing /opt/airflow/dags/data_ingestion_gcs_dag.py took 0.524 seconds
[2025-04-01 15:42:32,573] {processor.py:163} INFO - Started process (PID=509) to work on /opt/airflow/dags/data_ingestion_gcs_dag.py
[2025-04-01 15:42:32,579] {processor.py:642} INFO - Processing file /opt/airflow/dags/data_ingestion_gcs_dag.py for tasks to queue
[2025-04-01 15:42:32,580] {logging_mixin.py:109} INFO - [2025-04-01 15:42:32,580] {dagbag.py:500} INFO - Filling up the DagBag from /opt/airflow/dags/data_ingestion_gcs_dag.py
[2025-04-01 15:42:33,058] {processor.py:654} INFO - DAG(s) dict_keys(['data_ingestion_gcs_dag']) retrieved from /opt/airflow/dags/data_ingestion_gcs_dag.py
[2025-04-01 15:42:33,066] {logging_mixin.py:109} INFO - [2025-04-01 15:42:33,065] {dag.py:2396} INFO - Sync 1 DAGs
[2025-04-01 15:42:33,079] {logging_mixin.py:109} INFO - [2025-04-01 15:42:33,079] {dag.py:2935} INFO - Setting next_dagrun for data_ingestion_gcs_dag to 2025-03-31 00:00:00+00:00
[2025-04-01 15:42:33,092] {processor.py:171} INFO - Processing /opt/airflow/dags/data_ingestion_gcs_dag.py took 0.523 seconds
[2025-04-01 15:43:03,185] {processor.py:163} INFO - Started process (PID=535) to work on /opt/airflow/dags/data_ingestion_gcs_dag.py
[2025-04-01 15:43:03,190] {processor.py:642} INFO - Processing file /opt/airflow/dags/data_ingestion_gcs_dag.py for tasks to queue
[2025-04-01 15:43:03,191] {logging_mixin.py:109} INFO - [2025-04-01 15:43:03,191] {dagbag.py:500} INFO - Filling up the DagBag from /opt/airflow/dags/data_ingestion_gcs_dag.py
[2025-04-01 15:43:03,669] {processor.py:654} INFO - DAG(s) dict_keys(['data_ingestion_gcs_dag']) retrieved from /opt/airflow/dags/data_ingestion_gcs_dag.py
[2025-04-01 15:43:03,677] {logging_mixin.py:109} INFO - [2025-04-01 15:43:03,676] {dag.py:2396} INFO - Sync 1 DAGs
[2025-04-01 15:43:03,689] {logging_mixin.py:109} INFO - [2025-04-01 15:43:03,689] {dag.py:2935} INFO - Setting next_dagrun for data_ingestion_gcs_dag to 2025-03-31 00:00:00+00:00
[2025-04-01 15:43:03,702] {processor.py:171} INFO - Processing /opt/airflow/dags/data_ingestion_gcs_dag.py took 0.521 seconds
[2025-04-01 15:43:33,802] {processor.py:163} INFO - Started process (PID=571) to work on /opt/airflow/dags/data_ingestion_gcs_dag.py
[2025-04-01 15:43:33,808] {processor.py:642} INFO - Processing file /opt/airflow/dags/data_ingestion_gcs_dag.py for tasks to queue
[2025-04-01 15:43:33,808] {logging_mixin.py:109} INFO - [2025-04-01 15:43:33,808] {dagbag.py:500} INFO - Filling up the DagBag from /opt/airflow/dags/data_ingestion_gcs_dag.py
[2025-04-01 15:43:34,287] {processor.py:654} INFO - DAG(s) dict_keys(['data_ingestion_gcs_dag']) retrieved from /opt/airflow/dags/data_ingestion_gcs_dag.py
[2025-04-01 15:43:34,295] {logging_mixin.py:109} INFO - [2025-04-01 15:43:34,295] {dag.py:2396} INFO - Sync 1 DAGs
[2025-04-01 15:43:34,308] {logging_mixin.py:109} INFO - [2025-04-01 15:43:34,308] {dag.py:2935} INFO - Setting next_dagrun for data_ingestion_gcs_dag to 2025-03-31 00:00:00+00:00
[2025-04-01 15:43:34,321] {processor.py:171} INFO - Processing /opt/airflow/dags/data_ingestion_gcs_dag.py took 0.523 seconds
[2025-04-01 15:44:04,397] {processor.py:163} INFO - Started process (PID=607) to work on /opt/airflow/dags/data_ingestion_gcs_dag.py
[2025-04-01 15:44:04,402] {processor.py:642} INFO - Processing file /opt/airflow/dags/data_ingestion_gcs_dag.py for tasks to queue
[2025-04-01 15:44:04,403] {logging_mixin.py:109} INFO - [2025-04-01 15:44:04,403] {dagbag.py:500} INFO - Filling up the DagBag from /opt/airflow/dags/data_ingestion_gcs_dag.py
[2025-04-01 15:44:04,885] {processor.py:654} INFO - DAG(s) dict_keys(['data_ingestion_gcs_dag']) retrieved from /opt/airflow/dags/data_ingestion_gcs_dag.py
[2025-04-01 15:44:04,893] {logging_mixin.py:109} INFO - [2025-04-01 15:44:04,892] {dag.py:2396} INFO - Sync 1 DAGs
[2025-04-01 15:44:04,905] {logging_mixin.py:109} INFO - [2025-04-01 15:44:04,905] {dag.py:2935} INFO - Setting next_dagrun for data_ingestion_gcs_dag to 2025-03-31 00:00:00+00:00
[2025-04-01 15:44:04,919] {processor.py:171} INFO - Processing /opt/airflow/dags/data_ingestion_gcs_dag.py took 0.526 seconds
[2025-04-01 15:44:35,003] {processor.py:163} INFO - Started process (PID=634) to work on /opt/airflow/dags/data_ingestion_gcs_dag.py
[2025-04-01 15:44:35,009] {processor.py:642} INFO - Processing file /opt/airflow/dags/data_ingestion_gcs_dag.py for tasks to queue
[2025-04-01 15:44:35,009] {logging_mixin.py:109} INFO - [2025-04-01 15:44:35,009] {dagbag.py:500} INFO - Filling up the DagBag from /opt/airflow/dags/data_ingestion_gcs_dag.py
[2025-04-01 15:44:35,495] {processor.py:654} INFO - DAG(s) dict_keys(['data_ingestion_gcs_dag']) retrieved from /opt/airflow/dags/data_ingestion_gcs_dag.py
[2025-04-01 15:44:35,503] {logging_mixin.py:109} INFO - [2025-04-01 15:44:35,502] {dag.py:2396} INFO - Sync 1 DAGs
[2025-04-01 15:44:35,516] {logging_mixin.py:109} INFO - [2025-04-01 15:44:35,516] {dag.py:2935} INFO - Setting next_dagrun for data_ingestion_gcs_dag to 2025-03-31 00:00:00+00:00
[2025-04-01 15:44:35,528] {processor.py:171} INFO - Processing /opt/airflow/dags/data_ingestion_gcs_dag.py took 0.529 seconds
[2025-04-01 15:45:05,611] {processor.py:163} INFO - Started process (PID=671) to work on /opt/airflow/dags/data_ingestion_gcs_dag.py
[2025-04-01 15:45:05,612] {processor.py:642} INFO - Processing file /opt/airflow/dags/data_ingestion_gcs_dag.py for tasks to queue
[2025-04-01 15:45:05,613] {logging_mixin.py:109} INFO - [2025-04-01 15:45:05,613] {dagbag.py:500} INFO - Filling up the DagBag from /opt/airflow/dags/data_ingestion_gcs_dag.py
[2025-04-01 15:45:06,090] {processor.py:654} INFO - DAG(s) dict_keys(['data_ingestion_gcs_dag']) retrieved from /opt/airflow/dags/data_ingestion_gcs_dag.py
[2025-04-01 15:45:06,099] {logging_mixin.py:109} INFO - [2025-04-01 15:45:06,098] {dag.py:2396} INFO - Sync 1 DAGs
[2025-04-01 15:45:06,112] {logging_mixin.py:109} INFO - [2025-04-01 15:45:06,112] {dag.py:2935} INFO - Setting next_dagrun for data_ingestion_gcs_dag to 2025-03-31 00:00:00+00:00
[2025-04-01 15:45:06,124] {processor.py:171} INFO - Processing /opt/airflow/dags/data_ingestion_gcs_dag.py took 0.517 seconds
[2025-04-01 15:45:36,224] {processor.py:163} INFO - Started process (PID=698) to work on /opt/airflow/dags/data_ingestion_gcs_dag.py
[2025-04-01 15:45:36,230] {processor.py:642} INFO - Processing file /opt/airflow/dags/data_ingestion_gcs_dag.py for tasks to queue
[2025-04-01 15:45:36,230] {logging_mixin.py:109} INFO - [2025-04-01 15:45:36,230] {dagbag.py:500} INFO - Filling up the DagBag from /opt/airflow/dags/data_ingestion_gcs_dag.py
[2025-04-01 15:45:36,697] {processor.py:654} INFO - DAG(s) dict_keys(['data_ingestion_gcs_dag']) retrieved from /opt/airflow/dags/data_ingestion_gcs_dag.py
[2025-04-01 15:45:36,704] {logging_mixin.py:109} INFO - [2025-04-01 15:45:36,704] {dag.py:2396} INFO - Sync 1 DAGs
[2025-04-01 15:45:36,717] {logging_mixin.py:109} INFO - [2025-04-01 15:45:36,717] {dag.py:2935} INFO - Setting next_dagrun for data_ingestion_gcs_dag to 2025-03-31 00:00:00+00:00
[2025-04-01 15:45:36,729] {processor.py:171} INFO - Processing /opt/airflow/dags/data_ingestion_gcs_dag.py took 0.506 seconds
[2025-04-01 15:46:06,828] {processor.py:163} INFO - Started process (PID=735) to work on /opt/airflow/dags/data_ingestion_gcs_dag.py
[2025-04-01 15:46:06,833] {processor.py:642} INFO - Processing file /opt/airflow/dags/data_ingestion_gcs_dag.py for tasks to queue
[2025-04-01 15:46:06,834] {logging_mixin.py:109} INFO - [2025-04-01 15:46:06,834] {dagbag.py:500} INFO - Filling up the DagBag from /opt/airflow/dags/data_ingestion_gcs_dag.py
[2025-04-01 15:46:07,325] {processor.py:654} INFO - DAG(s) dict_keys(['data_ingestion_gcs_dag']) retrieved from /opt/airflow/dags/data_ingestion_gcs_dag.py
[2025-04-01 15:46:07,334] {logging_mixin.py:109} INFO - [2025-04-01 15:46:07,333] {dag.py:2396} INFO - Sync 1 DAGs
[2025-04-01 15:46:07,348] {logging_mixin.py:109} INFO - [2025-04-01 15:46:07,348] {dag.py:2935} INFO - Setting next_dagrun for data_ingestion_gcs_dag to 2025-03-31 00:00:00+00:00
[2025-04-01 15:46:07,357] {processor.py:171} INFO - Processing /opt/airflow/dags/data_ingestion_gcs_dag.py took 0.530 seconds
[2025-04-01 15:46:37,447] {processor.py:163} INFO - Started process (PID=772) to work on /opt/airflow/dags/data_ingestion_gcs_dag.py
[2025-04-01 15:46:37,448] {processor.py:642} INFO - Processing file /opt/airflow/dags/data_ingestion_gcs_dag.py for tasks to queue
[2025-04-01 15:46:37,449] {logging_mixin.py:109} INFO - [2025-04-01 15:46:37,449] {dagbag.py:500} INFO - Filling up the DagBag from /opt/airflow/dags/data_ingestion_gcs_dag.py
[2025-04-01 15:46:38,018] {processor.py:654} INFO - DAG(s) dict_keys(['data_ingestion_gcs_dag']) retrieved from /opt/airflow/dags/data_ingestion_gcs_dag.py
[2025-04-01 15:46:38,026] {logging_mixin.py:109} INFO - [2025-04-01 15:46:38,025] {dag.py:2396} INFO - Sync 1 DAGs
[2025-04-01 15:46:38,039] {logging_mixin.py:109} INFO - [2025-04-01 15:46:38,039] {dag.py:2935} INFO - Setting next_dagrun for data_ingestion_gcs_dag to 2025-03-31 00:00:00+00:00
[2025-04-01 15:46:38,047] {processor.py:171} INFO - Processing /opt/airflow/dags/data_ingestion_gcs_dag.py took 0.605 seconds
[2025-04-01 15:47:08,125] {processor.py:163} INFO - Started process (PID=798) to work on /opt/airflow/dags/data_ingestion_gcs_dag.py
[2025-04-01 15:47:08,127] {processor.py:642} INFO - Processing file /opt/airflow/dags/data_ingestion_gcs_dag.py for tasks to queue
[2025-04-01 15:47:08,128] {logging_mixin.py:109} INFO - [2025-04-01 15:47:08,127] {dagbag.py:500} INFO - Filling up the DagBag from /opt/airflow/dags/data_ingestion_gcs_dag.py
[2025-04-01 15:47:08,605] {processor.py:654} INFO - DAG(s) dict_keys(['data_ingestion_gcs_dag']) retrieved from /opt/airflow/dags/data_ingestion_gcs_dag.py
[2025-04-01 15:47:08,613] {logging_mixin.py:109} INFO - [2025-04-01 15:47:08,612] {dag.py:2396} INFO - Sync 1 DAGs
[2025-04-01 15:47:08,627] {logging_mixin.py:109} INFO - [2025-04-01 15:47:08,627] {dag.py:2935} INFO - Setting next_dagrun for data_ingestion_gcs_dag to 2025-03-31 00:00:00+00:00
[2025-04-01 15:47:08,640] {processor.py:171} INFO - Processing /opt/airflow/dags/data_ingestion_gcs_dag.py took 0.519 seconds
[2025-04-01 15:47:38,725] {processor.py:163} INFO - Started process (PID=834) to work on /opt/airflow/dags/data_ingestion_gcs_dag.py
[2025-04-01 15:47:38,727] {processor.py:642} INFO - Processing file /opt/airflow/dags/data_ingestion_gcs_dag.py for tasks to queue
[2025-04-01 15:47:38,728] {logging_mixin.py:109} INFO - [2025-04-01 15:47:38,727] {dagbag.py:500} INFO - Filling up the DagBag from /opt/airflow/dags/data_ingestion_gcs_dag.py
[2025-04-01 15:47:39,205] {processor.py:654} INFO - DAG(s) dict_keys(['data_ingestion_gcs_dag']) retrieved from /opt/airflow/dags/data_ingestion_gcs_dag.py
[2025-04-01 15:47:39,212] {logging_mixin.py:109} INFO - [2025-04-01 15:47:39,212] {dag.py:2396} INFO - Sync 1 DAGs
[2025-04-01 15:47:39,227] {logging_mixin.py:109} INFO - [2025-04-01 15:47:39,227] {dag.py:2935} INFO - Setting next_dagrun for data_ingestion_gcs_dag to 2025-03-31 00:00:00+00:00
[2025-04-01 15:47:39,239] {processor.py:171} INFO - Processing /opt/airflow/dags/data_ingestion_gcs_dag.py took 0.518 seconds
[2025-04-01 15:48:09,335] {processor.py:163} INFO - Started process (PID=871) to work on /opt/airflow/dags/data_ingestion_gcs_dag.py
[2025-04-01 15:48:09,340] {processor.py:642} INFO - Processing file /opt/airflow/dags/data_ingestion_gcs_dag.py for tasks to queue
[2025-04-01 15:48:09,340] {logging_mixin.py:109} INFO - [2025-04-01 15:48:09,340] {dagbag.py:500} INFO - Filling up the DagBag from /opt/airflow/dags/data_ingestion_gcs_dag.py
[2025-04-01 15:48:09,808] {processor.py:654} INFO - DAG(s) dict_keys(['data_ingestion_gcs_dag']) retrieved from /opt/airflow/dags/data_ingestion_gcs_dag.py
[2025-04-01 15:48:09,815] {logging_mixin.py:109} INFO - [2025-04-01 15:48:09,815] {dag.py:2396} INFO - Sync 1 DAGs
[2025-04-01 15:48:09,828] {logging_mixin.py:109} INFO - [2025-04-01 15:48:09,828] {dag.py:2935} INFO - Setting next_dagrun for data_ingestion_gcs_dag to 2025-03-31 00:00:00+00:00
[2025-04-01 15:48:09,841] {processor.py:171} INFO - Processing /opt/airflow/dags/data_ingestion_gcs_dag.py took 0.508 seconds
[2025-04-01 15:48:39,930] {processor.py:163} INFO - Started process (PID=898) to work on /opt/airflow/dags/data_ingestion_gcs_dag.py
[2025-04-01 15:48:39,936] {processor.py:642} INFO - Processing file /opt/airflow/dags/data_ingestion_gcs_dag.py for tasks to queue
[2025-04-01 15:48:39,937] {logging_mixin.py:109} INFO - [2025-04-01 15:48:39,937] {dagbag.py:500} INFO - Filling up the DagBag from /opt/airflow/dags/data_ingestion_gcs_dag.py
[2025-04-01 15:48:40,408] {processor.py:654} INFO - DAG(s) dict_keys(['data_ingestion_gcs_dag']) retrieved from /opt/airflow/dags/data_ingestion_gcs_dag.py
[2025-04-01 15:48:40,416] {logging_mixin.py:109} INFO - [2025-04-01 15:48:40,415] {dag.py:2396} INFO - Sync 1 DAGs
[2025-04-01 15:48:40,430] {logging_mixin.py:109} INFO - [2025-04-01 15:48:40,430] {dag.py:2935} INFO - Setting next_dagrun for data_ingestion_gcs_dag to 2025-03-31 00:00:00+00:00
[2025-04-01 15:48:40,443] {processor.py:171} INFO - Processing /opt/airflow/dags/data_ingestion_gcs_dag.py took 0.517 seconds
[2025-04-01 15:49:10,555] {processor.py:163} INFO - Started process (PID=934) to work on /opt/airflow/dags/data_ingestion_gcs_dag.py
[2025-04-01 15:49:10,560] {processor.py:642} INFO - Processing file /opt/airflow/dags/data_ingestion_gcs_dag.py for tasks to queue
[2025-04-01 15:49:10,561] {logging_mixin.py:109} INFO - [2025-04-01 15:49:10,561] {dagbag.py:500} INFO - Filling up the DagBag from /opt/airflow/dags/data_ingestion_gcs_dag.py
[2025-04-01 15:49:11,042] {processor.py:654} INFO - DAG(s) dict_keys(['data_ingestion_gcs_dag']) retrieved from /opt/airflow/dags/data_ingestion_gcs_dag.py
[2025-04-01 15:49:11,051] {logging_mixin.py:109} INFO - [2025-04-01 15:49:11,050] {dag.py:2396} INFO - Sync 1 DAGs
[2025-04-01 15:49:11,065] {logging_mixin.py:109} INFO - [2025-04-01 15:49:11,065] {dag.py:2935} INFO - Setting next_dagrun for data_ingestion_gcs_dag to 2025-03-31 00:00:00+00:00
[2025-04-01 15:49:11,072] {processor.py:171} INFO - Processing /opt/airflow/dags/data_ingestion_gcs_dag.py took 0.521 seconds
[2025-04-01 15:49:41,157] {processor.py:163} INFO - Started process (PID=961) to work on /opt/airflow/dags/data_ingestion_gcs_dag.py
[2025-04-01 15:49:41,162] {processor.py:642} INFO - Processing file /opt/airflow/dags/data_ingestion_gcs_dag.py for tasks to queue
[2025-04-01 15:49:41,163] {logging_mixin.py:109} INFO - [2025-04-01 15:49:41,163] {dagbag.py:500} INFO - Filling up the DagBag from /opt/airflow/dags/data_ingestion_gcs_dag.py
[2025-04-01 15:49:41,636] {processor.py:654} INFO - DAG(s) dict_keys(['data_ingestion_gcs_dag']) retrieved from /opt/airflow/dags/data_ingestion_gcs_dag.py
[2025-04-01 15:49:41,646] {logging_mixin.py:109} INFO - [2025-04-01 15:49:41,645] {dag.py:2396} INFO - Sync 1 DAGs
[2025-04-01 15:49:41,659] {logging_mixin.py:109} INFO - [2025-04-01 15:49:41,658] {dag.py:2935} INFO - Setting next_dagrun for data_ingestion_gcs_dag to 2025-03-31 00:00:00+00:00
[2025-04-01 15:49:41,671] {processor.py:171} INFO - Processing /opt/airflow/dags/data_ingestion_gcs_dag.py took 0.518 seconds
[2025-04-01 15:50:11,779] {processor.py:163} INFO - Started process (PID=998) to work on /opt/airflow/dags/data_ingestion_gcs_dag.py
[2025-04-01 15:50:11,780] {processor.py:642} INFO - Processing file /opt/airflow/dags/data_ingestion_gcs_dag.py for tasks to queue
[2025-04-01 15:50:11,781] {logging_mixin.py:109} INFO - [2025-04-01 15:50:11,781] {dagbag.py:500} INFO - Filling up the DagBag from /opt/airflow/dags/data_ingestion_gcs_dag.py
[2025-04-01 15:50:12,254] {processor.py:654} INFO - DAG(s) dict_keys(['data_ingestion_gcs_dag']) retrieved from /opt/airflow/dags/data_ingestion_gcs_dag.py
[2025-04-01 15:50:12,263] {logging_mixin.py:109} INFO - [2025-04-01 15:50:12,263] {dag.py:2396} INFO - Sync 1 DAGs
[2025-04-01 15:50:12,276] {logging_mixin.py:109} INFO - [2025-04-01 15:50:12,276] {dag.py:2935} INFO - Setting next_dagrun for data_ingestion_gcs_dag to 2025-03-31 00:00:00+00:00
[2025-04-01 15:50:12,290] {processor.py:171} INFO - Processing /opt/airflow/dags/data_ingestion_gcs_dag.py took 0.515 seconds
[2025-04-01 15:50:42,389] {processor.py:163} INFO - Started process (PID=1035) to work on /opt/airflow/dags/data_ingestion_gcs_dag.py
[2025-04-01 15:50:42,390] {processor.py:642} INFO - Processing file /opt/airflow/dags/data_ingestion_gcs_dag.py for tasks to queue
[2025-04-01 15:50:42,391] {logging_mixin.py:109} INFO - [2025-04-01 15:50:42,391] {dagbag.py:500} INFO - Filling up the DagBag from /opt/airflow/dags/data_ingestion_gcs_dag.py
[2025-04-01 15:50:42,863] {processor.py:654} INFO - DAG(s) dict_keys(['data_ingestion_gcs_dag']) retrieved from /opt/airflow/dags/data_ingestion_gcs_dag.py
[2025-04-01 15:50:42,870] {logging_mixin.py:109} INFO - [2025-04-01 15:50:42,870] {dag.py:2396} INFO - Sync 1 DAGs
[2025-04-01 15:50:42,883] {logging_mixin.py:109} INFO - [2025-04-01 15:50:42,883] {dag.py:2935} INFO - Setting next_dagrun for data_ingestion_gcs_dag to 2025-03-31 00:00:00+00:00
[2025-04-01 15:50:42,896] {processor.py:171} INFO - Processing /opt/airflow/dags/data_ingestion_gcs_dag.py took 0.511 seconds
[2025-04-01 15:51:12,993] {processor.py:163} INFO - Started process (PID=1062) to work on /opt/airflow/dags/data_ingestion_gcs_dag.py
[2025-04-01 15:51:12,998] {processor.py:642} INFO - Processing file /opt/airflow/dags/data_ingestion_gcs_dag.py for tasks to queue
[2025-04-01 15:51:12,999] {logging_mixin.py:109} INFO - [2025-04-01 15:51:12,999] {dagbag.py:500} INFO - Filling up the DagBag from /opt/airflow/dags/data_ingestion_gcs_dag.py
[2025-04-01 15:51:13,492] {processor.py:654} INFO - DAG(s) dict_keys(['data_ingestion_gcs_dag']) retrieved from /opt/airflow/dags/data_ingestion_gcs_dag.py
[2025-04-01 15:51:13,500] {logging_mixin.py:109} INFO - [2025-04-01 15:51:13,499] {dag.py:2396} INFO - Sync 1 DAGs
[2025-04-01 15:51:13,513] {logging_mixin.py:109} INFO - [2025-04-01 15:51:13,513] {dag.py:2935} INFO - Setting next_dagrun for data_ingestion_gcs_dag to 2025-03-31 00:00:00+00:00
[2025-04-01 15:51:13,521] {processor.py:171} INFO - Processing /opt/airflow/dags/data_ingestion_gcs_dag.py took 0.532 seconds
[2025-04-01 15:51:43,609] {processor.py:163} INFO - Started process (PID=1098) to work on /opt/airflow/dags/data_ingestion_gcs_dag.py
[2025-04-01 15:51:43,615] {processor.py:642} INFO - Processing file /opt/airflow/dags/data_ingestion_gcs_dag.py for tasks to queue
[2025-04-01 15:51:43,616] {logging_mixin.py:109} INFO - [2025-04-01 15:51:43,616] {dagbag.py:500} INFO - Filling up the DagBag from /opt/airflow/dags/data_ingestion_gcs_dag.py
[2025-04-01 15:51:44,094] {processor.py:654} INFO - DAG(s) dict_keys(['data_ingestion_gcs_dag']) retrieved from /opt/airflow/dags/data_ingestion_gcs_dag.py
[2025-04-01 15:51:44,102] {logging_mixin.py:109} INFO - [2025-04-01 15:51:44,101] {dag.py:2396} INFO - Sync 1 DAGs
[2025-04-01 15:51:44,115] {logging_mixin.py:109} INFO - [2025-04-01 15:51:44,115] {dag.py:2935} INFO - Setting next_dagrun for data_ingestion_gcs_dag to 2025-03-31 00:00:00+00:00
[2025-04-01 15:51:44,128] {processor.py:171} INFO - Processing /opt/airflow/dags/data_ingestion_gcs_dag.py took 0.522 seconds
[2025-04-01 15:52:14,210] {processor.py:163} INFO - Started process (PID=1136) to work on /opt/airflow/dags/data_ingestion_gcs_dag.py
[2025-04-01 15:52:14,211] {processor.py:642} INFO - Processing file /opt/airflow/dags/data_ingestion_gcs_dag.py for tasks to queue
[2025-04-01 15:52:14,211] {logging_mixin.py:109} INFO - [2025-04-01 15:52:14,211] {dagbag.py:500} INFO - Filling up the DagBag from /opt/airflow/dags/data_ingestion_gcs_dag.py
[2025-04-01 15:52:14,735] {processor.py:654} INFO - DAG(s) dict_keys(['data_ingestion_gcs_dag']) retrieved from /opt/airflow/dags/data_ingestion_gcs_dag.py
[2025-04-01 15:52:14,743] {logging_mixin.py:109} INFO - [2025-04-01 15:52:14,742] {dag.py:2396} INFO - Sync 1 DAGs
[2025-04-01 15:52:14,758] {logging_mixin.py:109} INFO - [2025-04-01 15:52:14,758] {dag.py:2935} INFO - Setting next_dagrun for data_ingestion_gcs_dag to 2025-03-31 00:00:00+00:00
[2025-04-01 15:52:14,772] {processor.py:171} INFO - Processing /opt/airflow/dags/data_ingestion_gcs_dag.py took 0.563 seconds
[2025-04-01 15:52:44,865] {processor.py:163} INFO - Started process (PID=1162) to work on /opt/airflow/dags/data_ingestion_gcs_dag.py
[2025-04-01 15:52:44,871] {processor.py:642} INFO - Processing file /opt/airflow/dags/data_ingestion_gcs_dag.py for tasks to queue
[2025-04-01 15:52:44,872] {logging_mixin.py:109} INFO - [2025-04-01 15:52:44,872] {dagbag.py:500} INFO - Filling up the DagBag from /opt/airflow/dags/data_ingestion_gcs_dag.py
[2025-04-01 15:52:45,344] {processor.py:654} INFO - DAG(s) dict_keys(['data_ingestion_gcs_dag']) retrieved from /opt/airflow/dags/data_ingestion_gcs_dag.py
[2025-04-01 15:52:45,352] {logging_mixin.py:109} INFO - [2025-04-01 15:52:45,351] {dag.py:2396} INFO - Sync 1 DAGs
[2025-04-01 15:52:45,366] {logging_mixin.py:109} INFO - [2025-04-01 15:52:45,366] {dag.py:2935} INFO - Setting next_dagrun for data_ingestion_gcs_dag to 2025-03-31 00:00:00+00:00
[2025-04-01 15:52:45,373] {processor.py:171} INFO - Processing /opt/airflow/dags/data_ingestion_gcs_dag.py took 0.512 seconds
[2025-04-01 15:53:15,429] {processor.py:163} INFO - Started process (PID=1199) to work on /opt/airflow/dags/data_ingestion_gcs_dag.py
[2025-04-01 15:53:15,435] {processor.py:642} INFO - Processing file /opt/airflow/dags/data_ingestion_gcs_dag.py for tasks to queue
[2025-04-01 15:53:15,436] {logging_mixin.py:109} INFO - [2025-04-01 15:53:15,436] {dagbag.py:500} INFO - Filling up the DagBag from /opt/airflow/dags/data_ingestion_gcs_dag.py
[2025-04-01 15:53:15,931] {processor.py:654} INFO - DAG(s) dict_keys(['data_ingestion_gcs_dag']) retrieved from /opt/airflow/dags/data_ingestion_gcs_dag.py
[2025-04-01 15:53:15,939] {logging_mixin.py:109} INFO - [2025-04-01 15:53:15,938] {dag.py:2396} INFO - Sync 1 DAGs
[2025-04-01 15:53:15,952] {logging_mixin.py:109} INFO - [2025-04-01 15:53:15,952] {dag.py:2935} INFO - Setting next_dagrun for data_ingestion_gcs_dag to 2025-03-31 00:00:00+00:00
[2025-04-01 15:53:15,965] {processor.py:171} INFO - Processing /opt/airflow/dags/data_ingestion_gcs_dag.py took 0.540 seconds
[2025-04-01 15:53:46,054] {processor.py:163} INFO - Started process (PID=1226) to work on /opt/airflow/dags/data_ingestion_gcs_dag.py
[2025-04-01 15:53:46,059] {processor.py:642} INFO - Processing file /opt/airflow/dags/data_ingestion_gcs_dag.py for tasks to queue
[2025-04-01 15:53:46,060] {logging_mixin.py:109} INFO - [2025-04-01 15:53:46,060] {dagbag.py:500} INFO - Filling up the DagBag from /opt/airflow/dags/data_ingestion_gcs_dag.py
[2025-04-01 15:53:46,538] {processor.py:654} INFO - DAG(s) dict_keys(['data_ingestion_gcs_dag']) retrieved from /opt/airflow/dags/data_ingestion_gcs_dag.py
[2025-04-01 15:53:46,546] {logging_mixin.py:109} INFO - [2025-04-01 15:53:46,545] {dag.py:2396} INFO - Sync 1 DAGs
[2025-04-01 15:53:46,558] {logging_mixin.py:109} INFO - [2025-04-01 15:53:46,558] {dag.py:2935} INFO - Setting next_dagrun for data_ingestion_gcs_dag to 2025-03-31 00:00:00+00:00
[2025-04-01 15:53:46,571] {processor.py:171} INFO - Processing /opt/airflow/dags/data_ingestion_gcs_dag.py took 0.521 seconds
[2025-04-01 15:54:16,665] {processor.py:163} INFO - Started process (PID=1262) to work on /opt/airflow/dags/data_ingestion_gcs_dag.py
[2025-04-01 15:54:16,671] {processor.py:642} INFO - Processing file /opt/airflow/dags/data_ingestion_gcs_dag.py for tasks to queue
[2025-04-01 15:54:16,672] {logging_mixin.py:109} INFO - [2025-04-01 15:54:16,672] {dagbag.py:500} INFO - Filling up the DagBag from /opt/airflow/dags/data_ingestion_gcs_dag.py
[2025-04-01 15:54:17,153] {processor.py:654} INFO - DAG(s) dict_keys(['data_ingestion_gcs_dag']) retrieved from /opt/airflow/dags/data_ingestion_gcs_dag.py
[2025-04-01 15:54:17,161] {logging_mixin.py:109} INFO - [2025-04-01 15:54:17,160] {dag.py:2396} INFO - Sync 1 DAGs
[2025-04-01 15:54:17,174] {logging_mixin.py:109} INFO - [2025-04-01 15:54:17,174] {dag.py:2935} INFO - Setting next_dagrun for data_ingestion_gcs_dag to 2025-03-31 00:00:00+00:00
[2025-04-01 15:54:17,182] {processor.py:171} INFO - Processing /opt/airflow/dags/data_ingestion_gcs_dag.py took 0.520 seconds
[2025-04-01 15:54:47,268] {processor.py:163} INFO - Started process (PID=1299) to work on /opt/airflow/dags/data_ingestion_gcs_dag.py
[2025-04-01 15:54:47,274] {processor.py:642} INFO - Processing file /opt/airflow/dags/data_ingestion_gcs_dag.py for tasks to queue
[2025-04-01 15:54:47,275] {logging_mixin.py:109} INFO - [2025-04-01 15:54:47,275] {dagbag.py:500} INFO - Filling up the DagBag from /opt/airflow/dags/data_ingestion_gcs_dag.py
[2025-04-01 15:54:47,751] {processor.py:654} INFO - DAG(s) dict_keys(['data_ingestion_gcs_dag']) retrieved from /opt/airflow/dags/data_ingestion_gcs_dag.py
[2025-04-01 15:54:47,759] {logging_mixin.py:109} INFO - [2025-04-01 15:54:47,758] {dag.py:2396} INFO - Sync 1 DAGs
[2025-04-01 15:54:47,773] {logging_mixin.py:109} INFO - [2025-04-01 15:54:47,772] {dag.py:2935} INFO - Setting next_dagrun for data_ingestion_gcs_dag to 2025-03-31 00:00:00+00:00
[2025-04-01 15:54:47,782] {processor.py:171} INFO - Processing /opt/airflow/dags/data_ingestion_gcs_dag.py took 0.517 seconds
[2025-04-01 15:55:17,878] {processor.py:163} INFO - Started process (PID=1326) to work on /opt/airflow/dags/data_ingestion_gcs_dag.py
[2025-04-01 15:55:17,884] {processor.py:642} INFO - Processing file /opt/airflow/dags/data_ingestion_gcs_dag.py for tasks to queue
[2025-04-01 15:55:17,884] {logging_mixin.py:109} INFO - [2025-04-01 15:55:17,884] {dagbag.py:500} INFO - Filling up the DagBag from /opt/airflow/dags/data_ingestion_gcs_dag.py
[2025-04-01 15:55:18,357] {processor.py:654} INFO - DAG(s) dict_keys(['data_ingestion_gcs_dag']) retrieved from /opt/airflow/dags/data_ingestion_gcs_dag.py
[2025-04-01 15:55:18,366] {logging_mixin.py:109} INFO - [2025-04-01 15:55:18,365] {dag.py:2396} INFO - Sync 1 DAGs
[2025-04-01 15:55:18,379] {logging_mixin.py:109} INFO - [2025-04-01 15:55:18,379] {dag.py:2935} INFO - Setting next_dagrun for data_ingestion_gcs_dag to 2025-03-31 00:00:00+00:00
[2025-04-01 15:55:18,392] {processor.py:171} INFO - Processing /opt/airflow/dags/data_ingestion_gcs_dag.py took 0.517 seconds
[2025-04-01 15:55:48,491] {processor.py:163} INFO - Started process (PID=1363) to work on /opt/airflow/dags/data_ingestion_gcs_dag.py
[2025-04-01 15:55:48,497] {processor.py:642} INFO - Processing file /opt/airflow/dags/data_ingestion_gcs_dag.py for tasks to queue
[2025-04-01 15:55:48,498] {logging_mixin.py:109} INFO - [2025-04-01 15:55:48,497] {dagbag.py:500} INFO - Filling up the DagBag from /opt/airflow/dags/data_ingestion_gcs_dag.py
[2025-04-01 15:55:48,975] {processor.py:654} INFO - DAG(s) dict_keys(['data_ingestion_gcs_dag']) retrieved from /opt/airflow/dags/data_ingestion_gcs_dag.py
[2025-04-01 15:55:48,983] {logging_mixin.py:109} INFO - [2025-04-01 15:55:48,982] {dag.py:2396} INFO - Sync 1 DAGs
[2025-04-01 15:55:48,995] {logging_mixin.py:109} INFO - [2025-04-01 15:55:48,995] {dag.py:2935} INFO - Setting next_dagrun for data_ingestion_gcs_dag to 2025-03-31 00:00:00+00:00
[2025-04-01 15:55:49,003] {processor.py:171} INFO - Processing /opt/airflow/dags/data_ingestion_gcs_dag.py took 0.515 seconds
[2025-04-01 15:56:19,084] {processor.py:163} INFO - Started process (PID=1399) to work on /opt/airflow/dags/data_ingestion_gcs_dag.py
[2025-04-01 15:56:19,089] {processor.py:642} INFO - Processing file /opt/airflow/dags/data_ingestion_gcs_dag.py for tasks to queue
[2025-04-01 15:56:19,090] {logging_mixin.py:109} INFO - [2025-04-01 15:56:19,090] {dagbag.py:500} INFO - Filling up the DagBag from /opt/airflow/dags/data_ingestion_gcs_dag.py
[2025-04-01 15:56:19,573] {processor.py:654} INFO - DAG(s) dict_keys(['data_ingestion_gcs_dag']) retrieved from /opt/airflow/dags/data_ingestion_gcs_dag.py
[2025-04-01 15:56:19,581] {logging_mixin.py:109} INFO - [2025-04-01 15:56:19,580] {dag.py:2396} INFO - Sync 1 DAGs
[2025-04-01 15:56:19,595] {logging_mixin.py:109} INFO - [2025-04-01 15:56:19,595] {dag.py:2935} INFO - Setting next_dagrun for data_ingestion_gcs_dag to 2025-03-31 00:00:00+00:00
[2025-04-01 15:56:19,609] {processor.py:171} INFO - Processing /opt/airflow/dags/data_ingestion_gcs_dag.py took 0.529 seconds
[2025-04-01 15:56:49,697] {processor.py:163} INFO - Started process (PID=1426) to work on /opt/airflow/dags/data_ingestion_gcs_dag.py
[2025-04-01 15:56:49,703] {processor.py:642} INFO - Processing file /opt/airflow/dags/data_ingestion_gcs_dag.py for tasks to queue
[2025-04-01 15:56:49,704] {logging_mixin.py:109} INFO - [2025-04-01 15:56:49,704] {dagbag.py:500} INFO - Filling up the DagBag from /opt/airflow/dags/data_ingestion_gcs_dag.py
[2025-04-01 15:56:50,184] {processor.py:654} INFO - DAG(s) dict_keys(['data_ingestion_gcs_dag']) retrieved from /opt/airflow/dags/data_ingestion_gcs_dag.py
[2025-04-01 15:56:50,192] {logging_mixin.py:109} INFO - [2025-04-01 15:56:50,191] {dag.py:2396} INFO - Sync 1 DAGs
[2025-04-01 15:56:50,205] {logging_mixin.py:109} INFO - [2025-04-01 15:56:50,205] {dag.py:2935} INFO - Setting next_dagrun for data_ingestion_gcs_dag to 2025-03-31 00:00:00+00:00
[2025-04-01 15:56:50,219] {processor.py:171} INFO - Processing /opt/airflow/dags/data_ingestion_gcs_dag.py took 0.526 seconds
[2025-04-01 15:57:20,284] {processor.py:163} INFO - Started process (PID=1462) to work on /opt/airflow/dags/data_ingestion_gcs_dag.py
[2025-04-01 15:57:20,289] {processor.py:642} INFO - Processing file /opt/airflow/dags/data_ingestion_gcs_dag.py for tasks to queue
[2025-04-01 15:57:20,290] {logging_mixin.py:109} INFO - [2025-04-01 15:57:20,290] {dagbag.py:500} INFO - Filling up the DagBag from /opt/airflow/dags/data_ingestion_gcs_dag.py
[2025-04-01 15:57:20,763] {processor.py:654} INFO - DAG(s) dict_keys(['data_ingestion_gcs_dag']) retrieved from /opt/airflow/dags/data_ingestion_gcs_dag.py
[2025-04-01 15:57:20,772] {logging_mixin.py:109} INFO - [2025-04-01 15:57:20,771] {dag.py:2396} INFO - Sync 1 DAGs
[2025-04-01 15:57:20,785] {logging_mixin.py:109} INFO - [2025-04-01 15:57:20,785] {dag.py:2935} INFO - Setting next_dagrun for data_ingestion_gcs_dag to 2025-03-31 00:00:00+00:00
[2025-04-01 15:57:20,800] {processor.py:171} INFO - Processing /opt/airflow/dags/data_ingestion_gcs_dag.py took 0.521 seconds
[2025-04-01 15:57:50,899] {processor.py:163} INFO - Started process (PID=1488) to work on /opt/airflow/dags/data_ingestion_gcs_dag.py
[2025-04-01 15:57:50,905] {processor.py:642} INFO - Processing file /opt/airflow/dags/data_ingestion_gcs_dag.py for tasks to queue
[2025-04-01 15:57:50,906] {logging_mixin.py:109} INFO - [2025-04-01 15:57:50,905] {dagbag.py:500} INFO - Filling up the DagBag from /opt/airflow/dags/data_ingestion_gcs_dag.py
[2025-04-01 15:57:51,407] {processor.py:654} INFO - DAG(s) dict_keys(['data_ingestion_gcs_dag']) retrieved from /opt/airflow/dags/data_ingestion_gcs_dag.py
[2025-04-01 15:57:51,415] {logging_mixin.py:109} INFO - [2025-04-01 15:57:51,414] {dag.py:2396} INFO - Sync 1 DAGs
[2025-04-01 15:57:51,427] {logging_mixin.py:109} INFO - [2025-04-01 15:57:51,427] {dag.py:2935} INFO - Setting next_dagrun for data_ingestion_gcs_dag to 2025-03-31 00:00:00+00:00
[2025-04-01 15:57:51,441] {processor.py:171} INFO - Processing /opt/airflow/dags/data_ingestion_gcs_dag.py took 0.546 seconds
[2025-04-01 15:58:21,523] {processor.py:163} INFO - Started process (PID=1525) to work on /opt/airflow/dags/data_ingestion_gcs_dag.py
[2025-04-01 15:58:21,529] {processor.py:642} INFO - Processing file /opt/airflow/dags/data_ingestion_gcs_dag.py for tasks to queue
[2025-04-01 15:58:21,529] {logging_mixin.py:109} INFO - [2025-04-01 15:58:21,529] {dagbag.py:500} INFO - Filling up the DagBag from /opt/airflow/dags/data_ingestion_gcs_dag.py
[2025-04-01 15:58:22,004] {processor.py:654} INFO - DAG(s) dict_keys(['data_ingestion_gcs_dag']) retrieved from /opt/airflow/dags/data_ingestion_gcs_dag.py
[2025-04-01 15:58:22,012] {logging_mixin.py:109} INFO - [2025-04-01 15:58:22,011] {dag.py:2396} INFO - Sync 1 DAGs
[2025-04-01 15:58:22,025] {logging_mixin.py:109} INFO - [2025-04-01 15:58:22,025] {dag.py:2935} INFO - Setting next_dagrun for data_ingestion_gcs_dag to 2025-03-31 00:00:00+00:00
[2025-04-01 15:58:22,039] {processor.py:171} INFO - Processing /opt/airflow/dags/data_ingestion_gcs_dag.py took 0.519 seconds
[2025-04-01 15:58:52,118] {processor.py:163} INFO - Started process (PID=1562) to work on /opt/airflow/dags/data_ingestion_gcs_dag.py
[2025-04-01 15:58:52,124] {processor.py:642} INFO - Processing file /opt/airflow/dags/data_ingestion_gcs_dag.py for tasks to queue
[2025-04-01 15:58:52,125] {logging_mixin.py:109} INFO - [2025-04-01 15:58:52,125] {dagbag.py:500} INFO - Filling up the DagBag from /opt/airflow/dags/data_ingestion_gcs_dag.py
[2025-04-01 15:58:52,606] {processor.py:654} INFO - DAG(s) dict_keys(['data_ingestion_gcs_dag']) retrieved from /opt/airflow/dags/data_ingestion_gcs_dag.py
[2025-04-01 15:58:52,614] {logging_mixin.py:109} INFO - [2025-04-01 15:58:52,614] {dag.py:2396} INFO - Sync 1 DAGs
[2025-04-01 15:58:52,627] {logging_mixin.py:109} INFO - [2025-04-01 15:58:52,627] {dag.py:2935} INFO - Setting next_dagrun for data_ingestion_gcs_dag to 2025-03-31 00:00:00+00:00
[2025-04-01 15:58:52,634] {processor.py:171} INFO - Processing /opt/airflow/dags/data_ingestion_gcs_dag.py took 0.520 seconds
[2025-04-01 15:59:22,749] {processor.py:163} INFO - Started process (PID=1589) to work on /opt/airflow/dags/data_ingestion_gcs_dag.py
[2025-04-01 15:59:22,751] {processor.py:642} INFO - Processing file /opt/airflow/dags/data_ingestion_gcs_dag.py for tasks to queue
[2025-04-01 15:59:22,752] {logging_mixin.py:109} INFO - [2025-04-01 15:59:22,751] {dagbag.py:500} INFO - Filling up the DagBag from /opt/airflow/dags/data_ingestion_gcs_dag.py
[2025-04-01 15:59:23,230] {processor.py:654} INFO - DAG(s) dict_keys(['data_ingestion_gcs_dag']) retrieved from /opt/airflow/dags/data_ingestion_gcs_dag.py
[2025-04-01 15:59:23,238] {logging_mixin.py:109} INFO - [2025-04-01 15:59:23,237] {dag.py:2396} INFO - Sync 1 DAGs
[2025-04-01 15:59:23,251] {logging_mixin.py:109} INFO - [2025-04-01 15:59:23,251] {dag.py:2935} INFO - Setting next_dagrun for data_ingestion_gcs_dag to 2025-03-31 00:00:00+00:00
[2025-04-01 15:59:23,260] {processor.py:171} INFO - Processing /opt/airflow/dags/data_ingestion_gcs_dag.py took 0.514 seconds
[2025-04-01 15:59:53,341] {processor.py:163} INFO - Started process (PID=1625) to work on /opt/airflow/dags/data_ingestion_gcs_dag.py
[2025-04-01 15:59:53,347] {processor.py:642} INFO - Processing file /opt/airflow/dags/data_ingestion_gcs_dag.py for tasks to queue
[2025-04-01 15:59:53,348] {logging_mixin.py:109} INFO - [2025-04-01 15:59:53,347] {dagbag.py:500} INFO - Filling up the DagBag from /opt/airflow/dags/data_ingestion_gcs_dag.py
[2025-04-01 15:59:53,831] {processor.py:654} INFO - DAG(s) dict_keys(['data_ingestion_gcs_dag']) retrieved from /opt/airflow/dags/data_ingestion_gcs_dag.py
[2025-04-01 15:59:53,839] {logging_mixin.py:109} INFO - [2025-04-01 15:59:53,838] {dag.py:2396} INFO - Sync 1 DAGs
[2025-04-01 15:59:53,852] {logging_mixin.py:109} INFO - [2025-04-01 15:59:53,852] {dag.py:2935} INFO - Setting next_dagrun for data_ingestion_gcs_dag to 2025-03-31 00:00:00+00:00
[2025-04-01 15:59:53,866] {processor.py:171} INFO - Processing /opt/airflow/dags/data_ingestion_gcs_dag.py took 0.529 seconds
[2025-04-01 16:00:23,986] {processor.py:163} INFO - Started process (PID=1662) to work on /opt/airflow/dags/data_ingestion_gcs_dag.py
[2025-04-01 16:00:23,992] {processor.py:642} INFO - Processing file /opt/airflow/dags/data_ingestion_gcs_dag.py for tasks to queue
[2025-04-01 16:00:23,993] {logging_mixin.py:109} INFO - [2025-04-01 16:00:23,992] {dagbag.py:500} INFO - Filling up the DagBag from /opt/airflow/dags/data_ingestion_gcs_dag.py
[2025-04-01 16:00:24,483] {processor.py:654} INFO - DAG(s) dict_keys(['data_ingestion_gcs_dag']) retrieved from /opt/airflow/dags/data_ingestion_gcs_dag.py
[2025-04-01 16:00:24,491] {logging_mixin.py:109} INFO - [2025-04-01 16:00:24,490] {dag.py:2396} INFO - Sync 1 DAGs
[2025-04-01 16:00:24,504] {logging_mixin.py:109} INFO - [2025-04-01 16:00:24,504] {dag.py:2935} INFO - Setting next_dagrun for data_ingestion_gcs_dag to 2025-03-31 00:00:00+00:00
[2025-04-01 16:00:24,517] {processor.py:171} INFO - Processing /opt/airflow/dags/data_ingestion_gcs_dag.py took 0.534 seconds
[2025-04-01 16:00:54,604] {processor.py:163} INFO - Started process (PID=1689) to work on /opt/airflow/dags/data_ingestion_gcs_dag.py
[2025-04-01 16:00:54,609] {processor.py:642} INFO - Processing file /opt/airflow/dags/data_ingestion_gcs_dag.py for tasks to queue
[2025-04-01 16:00:54,610] {logging_mixin.py:109} INFO - [2025-04-01 16:00:54,610] {dagbag.py:500} INFO - Filling up the DagBag from /opt/airflow/dags/data_ingestion_gcs_dag.py
[2025-04-01 16:00:55,084] {processor.py:654} INFO - DAG(s) dict_keys(['data_ingestion_gcs_dag']) retrieved from /opt/airflow/dags/data_ingestion_gcs_dag.py
[2025-04-01 16:00:55,092] {logging_mixin.py:109} INFO - [2025-04-01 16:00:55,092] {dag.py:2396} INFO - Sync 1 DAGs
[2025-04-01 16:00:55,106] {logging_mixin.py:109} INFO - [2025-04-01 16:00:55,106] {dag.py:2935} INFO - Setting next_dagrun for data_ingestion_gcs_dag to 2025-03-31 00:00:00+00:00
[2025-04-01 16:00:55,121] {processor.py:171} INFO - Processing /opt/airflow/dags/data_ingestion_gcs_dag.py took 0.521 seconds
[2025-04-01 16:01:25,209] {processor.py:163} INFO - Started process (PID=1726) to work on /opt/airflow/dags/data_ingestion_gcs_dag.py
[2025-04-01 16:01:25,214] {processor.py:642} INFO - Processing file /opt/airflow/dags/data_ingestion_gcs_dag.py for tasks to queue
[2025-04-01 16:01:25,215] {logging_mixin.py:109} INFO - [2025-04-01 16:01:25,215] {dagbag.py:500} INFO - Filling up the DagBag from /opt/airflow/dags/data_ingestion_gcs_dag.py
[2025-04-01 16:01:25,706] {processor.py:654} INFO - DAG(s) dict_keys(['data_ingestion_gcs_dag']) retrieved from /opt/airflow/dags/data_ingestion_gcs_dag.py
[2025-04-01 16:01:25,715] {logging_mixin.py:109} INFO - [2025-04-01 16:01:25,714] {dag.py:2396} INFO - Sync 1 DAGs
[2025-04-01 16:01:25,733] {logging_mixin.py:109} INFO - [2025-04-01 16:01:25,733] {dag.py:2935} INFO - Setting next_dagrun for data_ingestion_gcs_dag to 2025-03-31 00:00:00+00:00
[2025-04-01 16:01:25,743] {processor.py:171} INFO - Processing /opt/airflow/dags/data_ingestion_gcs_dag.py took 0.538 seconds
[2025-04-01 16:01:55,822] {processor.py:163} INFO - Started process (PID=1762) to work on /opt/airflow/dags/data_ingestion_gcs_dag.py
[2025-04-01 16:01:55,842] {processor.py:642} INFO - Processing file /opt/airflow/dags/data_ingestion_gcs_dag.py for tasks to queue
[2025-04-01 16:01:55,843] {logging_mixin.py:109} INFO - [2025-04-01 16:01:55,843] {dagbag.py:500} INFO - Filling up the DagBag from /opt/airflow/dags/data_ingestion_gcs_dag.py
[2025-04-01 16:01:56,324] {processor.py:654} INFO - DAG(s) dict_keys(['data_ingestion_gcs_dag']) retrieved from /opt/airflow/dags/data_ingestion_gcs_dag.py
[2025-04-01 16:01:56,332] {logging_mixin.py:109} INFO - [2025-04-01 16:01:56,331] {dag.py:2396} INFO - Sync 1 DAGs
[2025-04-01 16:01:56,345] {logging_mixin.py:109} INFO - [2025-04-01 16:01:56,345] {dag.py:2935} INFO - Setting next_dagrun for data_ingestion_gcs_dag to 2025-03-31 00:00:00+00:00
[2025-04-01 16:01:56,353] {processor.py:171} INFO - Processing /opt/airflow/dags/data_ingestion_gcs_dag.py took 0.534 seconds
[2025-04-01 16:02:26,404] {processor.py:163} INFO - Started process (PID=1790) to work on /opt/airflow/dags/data_ingestion_gcs_dag.py
[2025-04-01 16:02:26,404] {processor.py:642} INFO - Processing file /opt/airflow/dags/data_ingestion_gcs_dag.py for tasks to queue
[2025-04-01 16:02:26,405] {logging_mixin.py:109} INFO - [2025-04-01 16:02:26,405] {dagbag.py:500} INFO - Filling up the DagBag from /opt/airflow/dags/data_ingestion_gcs_dag.py
[2025-04-01 16:02:26,881] {processor.py:654} INFO - DAG(s) dict_keys(['data_ingestion_gcs_dag']) retrieved from /opt/airflow/dags/data_ingestion_gcs_dag.py
[2025-04-01 16:02:26,890] {logging_mixin.py:109} INFO - [2025-04-01 16:02:26,889] {dag.py:2396} INFO - Sync 1 DAGs
[2025-04-01 16:02:26,903] {logging_mixin.py:109} INFO - [2025-04-01 16:02:26,903] {dag.py:2935} INFO - Setting next_dagrun for data_ingestion_gcs_dag to 2025-03-31 00:00:00+00:00
[2025-04-01 16:02:26,915] {processor.py:171} INFO - Processing /opt/airflow/dags/data_ingestion_gcs_dag.py took 0.513 seconds
[2025-04-01 16:02:56,985] {processor.py:163} INFO - Started process (PID=1826) to work on /opt/airflow/dags/data_ingestion_gcs_dag.py
[2025-04-01 16:02:57,060] {processor.py:642} INFO - Processing file /opt/airflow/dags/data_ingestion_gcs_dag.py for tasks to queue
[2025-04-01 16:02:57,061] {logging_mixin.py:109} INFO - [2025-04-01 16:02:57,061] {dagbag.py:500} INFO - Filling up the DagBag from /opt/airflow/dags/data_ingestion_gcs_dag.py
[2025-04-01 16:02:57,557] {processor.py:654} INFO - DAG(s) dict_keys(['data_ingestion_gcs_dag']) retrieved from /opt/airflow/dags/data_ingestion_gcs_dag.py
[2025-04-01 16:02:57,564] {logging_mixin.py:109} INFO - [2025-04-01 16:02:57,564] {dag.py:2396} INFO - Sync 1 DAGs
[2025-04-01 16:02:57,578] {logging_mixin.py:109} INFO - [2025-04-01 16:02:57,578] {dag.py:2935} INFO - Setting next_dagrun for data_ingestion_gcs_dag to 2025-03-31 00:00:00+00:00
[2025-04-01 16:02:57,589] {processor.py:171} INFO - Processing /opt/airflow/dags/data_ingestion_gcs_dag.py took 0.606 seconds
[2025-04-01 16:03:27,636] {processor.py:163} INFO - Started process (PID=1853) to work on /opt/airflow/dags/data_ingestion_gcs_dag.py
[2025-04-01 16:03:27,638] {processor.py:642} INFO - Processing file /opt/airflow/dags/data_ingestion_gcs_dag.py for tasks to queue
[2025-04-01 16:03:27,638] {logging_mixin.py:109} INFO - [2025-04-01 16:03:27,638] {dagbag.py:500} INFO - Filling up the DagBag from /opt/airflow/dags/data_ingestion_gcs_dag.py
[2025-04-01 16:03:28,127] {processor.py:654} INFO - DAG(s) dict_keys(['data_ingestion_gcs_dag']) retrieved from /opt/airflow/dags/data_ingestion_gcs_dag.py
[2025-04-01 16:03:28,136] {logging_mixin.py:109} INFO - [2025-04-01 16:03:28,135] {dag.py:2396} INFO - Sync 1 DAGs
[2025-04-01 16:03:28,149] {logging_mixin.py:109} INFO - [2025-04-01 16:03:28,149] {dag.py:2935} INFO - Setting next_dagrun for data_ingestion_gcs_dag to 2025-03-31 00:00:00+00:00
[2025-04-01 16:03:28,161] {processor.py:171} INFO - Processing /opt/airflow/dags/data_ingestion_gcs_dag.py took 0.528 seconds
[2025-04-01 16:03:58,246] {processor.py:163} INFO - Started process (PID=1890) to work on /opt/airflow/dags/data_ingestion_gcs_dag.py
[2025-04-01 16:03:58,252] {processor.py:642} INFO - Processing file /opt/airflow/dags/data_ingestion_gcs_dag.py for tasks to queue
[2025-04-01 16:03:58,253] {logging_mixin.py:109} INFO - [2025-04-01 16:03:58,253] {dagbag.py:500} INFO - Filling up the DagBag from /opt/airflow/dags/data_ingestion_gcs_dag.py
[2025-04-01 16:03:58,733] {processor.py:654} INFO - DAG(s) dict_keys(['data_ingestion_gcs_dag']) retrieved from /opt/airflow/dags/data_ingestion_gcs_dag.py
[2025-04-01 16:03:58,741] {logging_mixin.py:109} INFO - [2025-04-01 16:03:58,740] {dag.py:2396} INFO - Sync 1 DAGs
[2025-04-01 16:03:58,754] {logging_mixin.py:109} INFO - [2025-04-01 16:03:58,754] {dag.py:2935} INFO - Setting next_dagrun for data_ingestion_gcs_dag to 2025-03-31 00:00:00+00:00
[2025-04-01 16:03:58,767] {processor.py:171} INFO - Processing /opt/airflow/dags/data_ingestion_gcs_dag.py took 0.525 seconds
[2025-04-01 16:04:28,872] {processor.py:163} INFO - Started process (PID=1927) to work on /opt/airflow/dags/data_ingestion_gcs_dag.py
[2025-04-01 16:04:28,873] {processor.py:642} INFO - Processing file /opt/airflow/dags/data_ingestion_gcs_dag.py for tasks to queue
[2025-04-01 16:04:28,874] {logging_mixin.py:109} INFO - [2025-04-01 16:04:28,874] {dagbag.py:500} INFO - Filling up the DagBag from /opt/airflow/dags/data_ingestion_gcs_dag.py
[2025-04-01 16:04:29,347] {processor.py:654} INFO - DAG(s) dict_keys(['data_ingestion_gcs_dag']) retrieved from /opt/airflow/dags/data_ingestion_gcs_dag.py
[2025-04-01 16:04:29,355] {logging_mixin.py:109} INFO - [2025-04-01 16:04:29,354] {dag.py:2396} INFO - Sync 1 DAGs
[2025-04-01 16:04:29,369] {logging_mixin.py:109} INFO - [2025-04-01 16:04:29,368] {dag.py:2935} INFO - Setting next_dagrun for data_ingestion_gcs_dag to 2025-03-31 00:00:00+00:00
[2025-04-01 16:04:29,380] {processor.py:171} INFO - Processing /opt/airflow/dags/data_ingestion_gcs_dag.py took 0.512 seconds
[2025-04-01 16:04:59,464] {processor.py:163} INFO - Started process (PID=1954) to work on /opt/airflow/dags/data_ingestion_gcs_dag.py
[2025-04-01 16:04:59,469] {processor.py:642} INFO - Processing file /opt/airflow/dags/data_ingestion_gcs_dag.py for tasks to queue
[2025-04-01 16:04:59,470] {logging_mixin.py:109} INFO - [2025-04-01 16:04:59,470] {dagbag.py:500} INFO - Filling up the DagBag from /opt/airflow/dags/data_ingestion_gcs_dag.py
[2025-04-01 16:04:59,951] {processor.py:654} INFO - DAG(s) dict_keys(['data_ingestion_gcs_dag']) retrieved from /opt/airflow/dags/data_ingestion_gcs_dag.py
[2025-04-01 16:04:59,959] {logging_mixin.py:109} INFO - [2025-04-01 16:04:59,958] {dag.py:2396} INFO - Sync 1 DAGs
[2025-04-01 16:04:59,974] {logging_mixin.py:109} INFO - [2025-04-01 16:04:59,974] {dag.py:2935} INFO - Setting next_dagrun for data_ingestion_gcs_dag to 2025-03-31 00:00:00+00:00
[2025-04-01 16:04:59,986] {processor.py:171} INFO - Processing /opt/airflow/dags/data_ingestion_gcs_dag.py took 0.526 seconds
[2025-04-01 16:05:30,107] {processor.py:163} INFO - Started process (PID=1992) to work on /opt/airflow/dags/data_ingestion_gcs_dag.py
[2025-04-01 16:05:30,108] {processor.py:642} INFO - Processing file /opt/airflow/dags/data_ingestion_gcs_dag.py for tasks to queue
[2025-04-01 16:05:30,109] {logging_mixin.py:109} INFO - [2025-04-01 16:05:30,108] {dagbag.py:500} INFO - Filling up the DagBag from /opt/airflow/dags/data_ingestion_gcs_dag.py
[2025-04-01 16:05:30,931] {processor.py:654} INFO - DAG(s) dict_keys(['data_ingestion_gcs_dag']) retrieved from /opt/airflow/dags/data_ingestion_gcs_dag.py
[2025-04-01 16:05:30,944] {logging_mixin.py:109} INFO - [2025-04-01 16:05:30,943] {dag.py:2396} INFO - Sync 1 DAGs
[2025-04-01 16:05:30,963] {logging_mixin.py:109} INFO - [2025-04-01 16:05:30,963] {dag.py:2935} INFO - Setting next_dagrun for data_ingestion_gcs_dag to 2025-03-31 00:00:00+00:00
[2025-04-01 16:05:30,974] {processor.py:171} INFO - Processing /opt/airflow/dags/data_ingestion_gcs_dag.py took 0.870 seconds
[2025-04-01 16:06:01,076] {processor.py:163} INFO - Started process (PID=2019) to work on /opt/airflow/dags/data_ingestion_gcs_dag.py
[2025-04-01 16:06:01,082] {processor.py:642} INFO - Processing file /opt/airflow/dags/data_ingestion_gcs_dag.py for tasks to queue
[2025-04-01 16:06:01,083] {logging_mixin.py:109} INFO - [2025-04-01 16:06:01,082] {dagbag.py:500} INFO - Filling up the DagBag from /opt/airflow/dags/data_ingestion_gcs_dag.py
[2025-04-01 16:06:01,571] {processor.py:654} INFO - DAG(s) dict_keys(['data_ingestion_gcs_dag']) retrieved from /opt/airflow/dags/data_ingestion_gcs_dag.py
[2025-04-01 16:06:01,580] {logging_mixin.py:109} INFO - [2025-04-01 16:06:01,579] {dag.py:2396} INFO - Sync 1 DAGs
[2025-04-01 16:06:01,592] {logging_mixin.py:109} INFO - [2025-04-01 16:06:01,592] {dag.py:2935} INFO - Setting next_dagrun for data_ingestion_gcs_dag to 2025-03-31 00:00:00+00:00
[2025-04-01 16:06:01,605] {processor.py:171} INFO - Processing /opt/airflow/dags/data_ingestion_gcs_dag.py took 0.533 seconds
[2025-04-01 16:06:31,686] {processor.py:163} INFO - Started process (PID=2056) to work on /opt/airflow/dags/data_ingestion_gcs_dag.py
[2025-04-01 16:06:31,692] {processor.py:642} INFO - Processing file /opt/airflow/dags/data_ingestion_gcs_dag.py for tasks to queue
[2025-04-01 16:06:31,693] {logging_mixin.py:109} INFO - [2025-04-01 16:06:31,693] {dagbag.py:500} INFO - Filling up the DagBag from /opt/airflow/dags/data_ingestion_gcs_dag.py
[2025-04-01 16:06:32,167] {processor.py:654} INFO - DAG(s) dict_keys(['data_ingestion_gcs_dag']) retrieved from /opt/airflow/dags/data_ingestion_gcs_dag.py
[2025-04-01 16:06:32,176] {logging_mixin.py:109} INFO - [2025-04-01 16:06:32,175] {dag.py:2396} INFO - Sync 1 DAGs
[2025-04-01 16:06:32,189] {logging_mixin.py:109} INFO - [2025-04-01 16:06:32,189] {dag.py:2935} INFO - Setting next_dagrun for data_ingestion_gcs_dag to 2025-03-31 00:00:00+00:00
[2025-04-01 16:06:32,196] {processor.py:171} INFO - Processing /opt/airflow/dags/data_ingestion_gcs_dag.py took 0.513 seconds
[2025-04-01 16:07:02,275] {processor.py:163} INFO - Started process (PID=2093) to work on /opt/airflow/dags/data_ingestion_gcs_dag.py
[2025-04-01 16:07:02,280] {processor.py:642} INFO - Processing file /opt/airflow/dags/data_ingestion_gcs_dag.py for tasks to queue
[2025-04-01 16:07:02,281] {logging_mixin.py:109} INFO - [2025-04-01 16:07:02,281] {dagbag.py:500} INFO - Filling up the DagBag from /opt/airflow/dags/data_ingestion_gcs_dag.py
[2025-04-01 16:07:02,770] {processor.py:654} INFO - DAG(s) dict_keys(['data_ingestion_gcs_dag']) retrieved from /opt/airflow/dags/data_ingestion_gcs_dag.py
[2025-04-01 16:07:02,778] {logging_mixin.py:109} INFO - [2025-04-01 16:07:02,778] {dag.py:2396} INFO - Sync 1 DAGs
[2025-04-01 16:07:02,792] {logging_mixin.py:109} INFO - [2025-04-01 16:07:02,792] {dag.py:2935} INFO - Setting next_dagrun for data_ingestion_gcs_dag to 2025-03-31 00:00:00+00:00
[2025-04-01 16:07:02,804] {processor.py:171} INFO - Processing /opt/airflow/dags/data_ingestion_gcs_dag.py took 0.533 seconds
[2025-04-01 16:07:32,891] {processor.py:163} INFO - Started process (PID=2119) to work on /opt/airflow/dags/data_ingestion_gcs_dag.py
[2025-04-01 16:07:32,892] {processor.py:642} INFO - Processing file /opt/airflow/dags/data_ingestion_gcs_dag.py for tasks to queue
[2025-04-01 16:07:32,893] {logging_mixin.py:109} INFO - [2025-04-01 16:07:32,893] {dagbag.py:500} INFO - Filling up the DagBag from /opt/airflow/dags/data_ingestion_gcs_dag.py
[2025-04-01 16:07:33,374] {processor.py:654} INFO - DAG(s) dict_keys(['data_ingestion_gcs_dag']) retrieved from /opt/airflow/dags/data_ingestion_gcs_dag.py
[2025-04-01 16:07:33,382] {logging_mixin.py:109} INFO - [2025-04-01 16:07:33,381] {dag.py:2396} INFO - Sync 1 DAGs
[2025-04-01 16:07:33,395] {logging_mixin.py:109} INFO - [2025-04-01 16:07:33,395] {dag.py:2935} INFO - Setting next_dagrun for data_ingestion_gcs_dag to 2025-03-31 00:00:00+00:00
[2025-04-01 16:07:33,407] {processor.py:171} INFO - Processing /opt/airflow/dags/data_ingestion_gcs_dag.py took 0.520 seconds
[2025-04-01 16:08:03,489] {processor.py:163} INFO - Started process (PID=2156) to work on /opt/airflow/dags/data_ingestion_gcs_dag.py
[2025-04-01 16:08:03,490] {processor.py:642} INFO - Processing file /opt/airflow/dags/data_ingestion_gcs_dag.py for tasks to queue
[2025-04-01 16:08:03,491] {logging_mixin.py:109} INFO - [2025-04-01 16:08:03,491] {dagbag.py:500} INFO - Filling up the DagBag from /opt/airflow/dags/data_ingestion_gcs_dag.py
[2025-04-01 16:08:03,970] {processor.py:654} INFO - DAG(s) dict_keys(['data_ingestion_gcs_dag']) retrieved from /opt/airflow/dags/data_ingestion_gcs_dag.py
[2025-04-01 16:08:03,978] {logging_mixin.py:109} INFO - [2025-04-01 16:08:03,977] {dag.py:2396} INFO - Sync 1 DAGs
[2025-04-01 16:08:03,991] {logging_mixin.py:109} INFO - [2025-04-01 16:08:03,991] {dag.py:2935} INFO - Setting next_dagrun for data_ingestion_gcs_dag to 2025-03-31 00:00:00+00:00
[2025-04-01 16:08:04,003] {processor.py:171} INFO - Processing /opt/airflow/dags/data_ingestion_gcs_dag.py took 0.519 seconds
[2025-04-01 16:08:34,089] {processor.py:163} INFO - Started process (PID=2189) to work on /opt/airflow/dags/data_ingestion_gcs_dag.py
[2025-04-01 16:08:34,090] {processor.py:642} INFO - Processing file /opt/airflow/dags/data_ingestion_gcs_dag.py for tasks to queue
[2025-04-01 16:08:34,090] {logging_mixin.py:109} INFO - [2025-04-01 16:08:34,090] {dagbag.py:500} INFO - Filling up the DagBag from /opt/airflow/dags/data_ingestion_gcs_dag.py
[2025-04-01 16:08:34,573] {processor.py:654} INFO - DAG(s) dict_keys(['data_ingestion_gcs_dag']) retrieved from /opt/airflow/dags/data_ingestion_gcs_dag.py
[2025-04-01 16:08:34,581] {logging_mixin.py:109} INFO - [2025-04-01 16:08:34,580] {dag.py:2396} INFO - Sync 1 DAGs
[2025-04-01 16:08:34,594] {logging_mixin.py:109} INFO - [2025-04-01 16:08:34,594] {dag.py:2935} INFO - Setting next_dagrun for data_ingestion_gcs_dag to 2025-03-31 00:00:00+00:00
[2025-04-01 16:08:34,607] {processor.py:171} INFO - Processing /opt/airflow/dags/data_ingestion_gcs_dag.py took 0.520 seconds
[2025-04-01 16:09:04,689] {processor.py:163} INFO - Started process (PID=2220) to work on /opt/airflow/dags/data_ingestion_gcs_dag.py
[2025-04-01 16:09:04,695] {processor.py:642} INFO - Processing file /opt/airflow/dags/data_ingestion_gcs_dag.py for tasks to queue
[2025-04-01 16:09:04,695] {logging_mixin.py:109} INFO - [2025-04-01 16:09:04,695] {dagbag.py:500} INFO - Filling up the DagBag from /opt/airflow/dags/data_ingestion_gcs_dag.py
[2025-04-01 16:09:05,174] {processor.py:654} INFO - DAG(s) dict_keys(['data_ingestion_gcs_dag']) retrieved from /opt/airflow/dags/data_ingestion_gcs_dag.py
[2025-04-01 16:09:05,182] {logging_mixin.py:109} INFO - [2025-04-01 16:09:05,181] {dag.py:2396} INFO - Sync 1 DAGs
[2025-04-01 16:09:05,195] {logging_mixin.py:109} INFO - [2025-04-01 16:09:05,195] {dag.py:2935} INFO - Setting next_dagrun for data_ingestion_gcs_dag to 2025-03-31 00:00:00+00:00
[2025-04-01 16:09:05,206] {processor.py:171} INFO - Processing /opt/airflow/dags/data_ingestion_gcs_dag.py took 0.521 seconds
[2025-04-01 16:09:35,296] {processor.py:163} INFO - Started process (PID=2257) to work on /opt/airflow/dags/data_ingestion_gcs_dag.py
[2025-04-01 16:09:35,297] {processor.py:642} INFO - Processing file /opt/airflow/dags/data_ingestion_gcs_dag.py for tasks to queue
[2025-04-01 16:09:35,298] {logging_mixin.py:109} INFO - [2025-04-01 16:09:35,298] {dagbag.py:500} INFO - Filling up the DagBag from /opt/airflow/dags/data_ingestion_gcs_dag.py
[2025-04-01 16:09:35,777] {processor.py:654} INFO - DAG(s) dict_keys(['data_ingestion_gcs_dag']) retrieved from /opt/airflow/dags/data_ingestion_gcs_dag.py
[2025-04-01 16:09:35,784] {logging_mixin.py:109} INFO - [2025-04-01 16:09:35,784] {dag.py:2396} INFO - Sync 1 DAGs
[2025-04-01 16:09:35,798] {logging_mixin.py:109} INFO - [2025-04-01 16:09:35,798] {dag.py:2935} INFO - Setting next_dagrun for data_ingestion_gcs_dag to 2025-03-31 00:00:00+00:00
[2025-04-01 16:09:35,811] {processor.py:171} INFO - Processing /opt/airflow/dags/data_ingestion_gcs_dag.py took 0.519 seconds
[2025-04-01 16:10:05,903] {processor.py:163} INFO - Started process (PID=2284) to work on /opt/airflow/dags/data_ingestion_gcs_dag.py
[2025-04-01 16:10:05,909] {processor.py:642} INFO - Processing file /opt/airflow/dags/data_ingestion_gcs_dag.py for tasks to queue
[2025-04-01 16:10:05,910] {logging_mixin.py:109} INFO - [2025-04-01 16:10:05,910] {dagbag.py:500} INFO - Filling up the DagBag from /opt/airflow/dags/data_ingestion_gcs_dag.py
[2025-04-01 16:10:06,398] {processor.py:654} INFO - DAG(s) dict_keys(['data_ingestion_gcs_dag']) retrieved from /opt/airflow/dags/data_ingestion_gcs_dag.py
[2025-04-01 16:10:06,406] {logging_mixin.py:109} INFO - [2025-04-01 16:10:06,406] {dag.py:2396} INFO - Sync 1 DAGs
[2025-04-01 16:10:06,420] {logging_mixin.py:109} INFO - [2025-04-01 16:10:06,420] {dag.py:2935} INFO - Setting next_dagrun for data_ingestion_gcs_dag to 2025-03-31 00:00:00+00:00
[2025-04-01 16:10:06,428] {processor.py:171} INFO - Processing /opt/airflow/dags/data_ingestion_gcs_dag.py took 0.529 seconds
[2025-04-01 16:10:36,513] {processor.py:163} INFO - Started process (PID=2321) to work on /opt/airflow/dags/data_ingestion_gcs_dag.py
[2025-04-01 16:10:36,514] {processor.py:642} INFO - Processing file /opt/airflow/dags/data_ingestion_gcs_dag.py for tasks to queue
[2025-04-01 16:10:36,515] {logging_mixin.py:109} INFO - [2025-04-01 16:10:36,515] {dagbag.py:500} INFO - Filling up the DagBag from /opt/airflow/dags/data_ingestion_gcs_dag.py
[2025-04-01 16:10:36,990] {processor.py:654} INFO - DAG(s) dict_keys(['data_ingestion_gcs_dag']) retrieved from /opt/airflow/dags/data_ingestion_gcs_dag.py
[2025-04-01 16:10:36,997] {logging_mixin.py:109} INFO - [2025-04-01 16:10:36,997] {dag.py:2396} INFO - Sync 1 DAGs
[2025-04-01 16:10:37,010] {logging_mixin.py:109} INFO - [2025-04-01 16:10:37,010] {dag.py:2935} INFO - Setting next_dagrun for data_ingestion_gcs_dag to 2025-03-31 00:00:00+00:00
[2025-04-01 16:10:37,018] {processor.py:171} INFO - Processing /opt/airflow/dags/data_ingestion_gcs_dag.py took 0.509 seconds
[2025-04-01 16:11:07,095] {processor.py:163} INFO - Started process (PID=2358) to work on /opt/airflow/dags/data_ingestion_gcs_dag.py
[2025-04-01 16:11:07,095] {processor.py:642} INFO - Processing file /opt/airflow/dags/data_ingestion_gcs_dag.py for tasks to queue
[2025-04-01 16:11:07,096] {logging_mixin.py:109} INFO - [2025-04-01 16:11:07,096] {dagbag.py:500} INFO - Filling up the DagBag from /opt/airflow/dags/data_ingestion_gcs_dag.py
[2025-04-01 16:11:07,605] {processor.py:654} INFO - DAG(s) dict_keys(['data_ingestion_gcs_dag']) retrieved from /opt/airflow/dags/data_ingestion_gcs_dag.py
[2025-04-01 16:11:07,613] {logging_mixin.py:109} INFO - [2025-04-01 16:11:07,612] {dag.py:2396} INFO - Sync 1 DAGs
[2025-04-01 16:11:07,626] {logging_mixin.py:109} INFO - [2025-04-01 16:11:07,626] {dag.py:2935} INFO - Setting next_dagrun for data_ingestion_gcs_dag to 2025-03-31 00:00:00+00:00
[2025-04-01 16:11:07,634] {processor.py:171} INFO - Processing /opt/airflow/dags/data_ingestion_gcs_dag.py took 0.542 seconds
[2025-04-01 16:11:37,718] {processor.py:163} INFO - Started process (PID=2385) to work on /opt/airflow/dags/data_ingestion_gcs_dag.py
[2025-04-01 16:11:37,763] {processor.py:642} INFO - Processing file /opt/airflow/dags/data_ingestion_gcs_dag.py for tasks to queue
[2025-04-01 16:11:37,764] {logging_mixin.py:109} INFO - [2025-04-01 16:11:37,764] {dagbag.py:500} INFO - Filling up the DagBag from /opt/airflow/dags/data_ingestion_gcs_dag.py
[2025-04-01 16:11:38,254] {processor.py:654} INFO - DAG(s) dict_keys(['data_ingestion_gcs_dag']) retrieved from /opt/airflow/dags/data_ingestion_gcs_dag.py
[2025-04-01 16:11:38,262] {logging_mixin.py:109} INFO - [2025-04-01 16:11:38,261] {dag.py:2396} INFO - Sync 1 DAGs
[2025-04-01 16:11:38,274] {logging_mixin.py:109} INFO - [2025-04-01 16:11:38,274] {dag.py:2935} INFO - Setting next_dagrun for data_ingestion_gcs_dag to 2025-03-31 00:00:00+00:00
[2025-04-01 16:11:38,286] {processor.py:171} INFO - Processing /opt/airflow/dags/data_ingestion_gcs_dag.py took 0.572 seconds
[2025-04-01 16:12:08,363] {processor.py:163} INFO - Started process (PID=2420) to work on /opt/airflow/dags/data_ingestion_gcs_dag.py
[2025-04-01 16:12:08,363] {processor.py:642} INFO - Processing file /opt/airflow/dags/data_ingestion_gcs_dag.py for tasks to queue
[2025-04-01 16:12:08,364] {logging_mixin.py:109} INFO - [2025-04-01 16:12:08,364] {dagbag.py:500} INFO - Filling up the DagBag from /opt/airflow/dags/data_ingestion_gcs_dag.py
[2025-04-01 16:12:08,922] {processor.py:654} INFO - DAG(s) dict_keys(['data_ingestion_gcs_dag']) retrieved from /opt/airflow/dags/data_ingestion_gcs_dag.py
[2025-04-01 16:12:08,930] {logging_mixin.py:109} INFO - [2025-04-01 16:12:08,929] {dag.py:2396} INFO - Sync 1 DAGs
[2025-04-01 16:12:08,942] {logging_mixin.py:109} INFO - [2025-04-01 16:12:08,941] {dag.py:2935} INFO - Setting next_dagrun for data_ingestion_gcs_dag to 2025-03-31 00:00:00+00:00
[2025-04-01 16:12:08,950] {processor.py:171} INFO - Processing /opt/airflow/dags/data_ingestion_gcs_dag.py took 0.589 seconds
[2025-04-01 16:12:39,024] {processor.py:163} INFO - Started process (PID=2447) to work on /opt/airflow/dags/data_ingestion_gcs_dag.py
[2025-04-01 16:12:39,030] {processor.py:642} INFO - Processing file /opt/airflow/dags/data_ingestion_gcs_dag.py for tasks to queue
[2025-04-01 16:12:39,031] {logging_mixin.py:109} INFO - [2025-04-01 16:12:39,030] {dagbag.py:500} INFO - Filling up the DagBag from /opt/airflow/dags/data_ingestion_gcs_dag.py
[2025-04-01 16:12:39,567] {processor.py:654} INFO - DAG(s) dict_keys(['data_ingestion_gcs_dag']) retrieved from /opt/airflow/dags/data_ingestion_gcs_dag.py
[2025-04-01 16:12:39,575] {logging_mixin.py:109} INFO - [2025-04-01 16:12:39,574] {dag.py:2396} INFO - Sync 1 DAGs
[2025-04-01 16:12:39,588] {logging_mixin.py:109} INFO - [2025-04-01 16:12:39,588] {dag.py:2935} INFO - Setting next_dagrun for data_ingestion_gcs_dag to 2025-03-31 00:00:00+00:00
[2025-04-01 16:12:39,601] {processor.py:171} INFO - Processing /opt/airflow/dags/data_ingestion_gcs_dag.py took 0.581 seconds
[2025-04-01 16:13:09,685] {processor.py:163} INFO - Started process (PID=2483) to work on /opt/airflow/dags/data_ingestion_gcs_dag.py
[2025-04-01 16:13:09,690] {processor.py:642} INFO - Processing file /opt/airflow/dags/data_ingestion_gcs_dag.py for tasks to queue
[2025-04-01 16:13:09,691] {logging_mixin.py:109} INFO - [2025-04-01 16:13:09,691] {dagbag.py:500} INFO - Filling up the DagBag from /opt/airflow/dags/data_ingestion_gcs_dag.py
[2025-04-01 16:13:10,181] {processor.py:654} INFO - DAG(s) dict_keys(['data_ingestion_gcs_dag']) retrieved from /opt/airflow/dags/data_ingestion_gcs_dag.py
[2025-04-01 16:13:10,189] {logging_mixin.py:109} INFO - [2025-04-01 16:13:10,188] {dag.py:2396} INFO - Sync 1 DAGs
[2025-04-01 16:13:10,201] {logging_mixin.py:109} INFO - [2025-04-01 16:13:10,201] {dag.py:2935} INFO - Setting next_dagrun for data_ingestion_gcs_dag to 2025-03-31 00:00:00+00:00
[2025-04-01 16:13:10,208] {processor.py:171} INFO - Processing /opt/airflow/dags/data_ingestion_gcs_dag.py took 0.527 seconds
[2025-04-01 16:13:40,270] {processor.py:163} INFO - Started process (PID=2520) to work on /opt/airflow/dags/data_ingestion_gcs_dag.py
[2025-04-01 16:13:40,275] {processor.py:642} INFO - Processing file /opt/airflow/dags/data_ingestion_gcs_dag.py for tasks to queue
[2025-04-01 16:13:40,275] {logging_mixin.py:109} INFO - [2025-04-01 16:13:40,275] {dagbag.py:500} INFO - Filling up the DagBag from /opt/airflow/dags/data_ingestion_gcs_dag.py
[2025-04-01 16:13:40,755] {processor.py:654} INFO - DAG(s) dict_keys(['data_ingestion_gcs_dag']) retrieved from /opt/airflow/dags/data_ingestion_gcs_dag.py
[2025-04-01 16:13:40,762] {logging_mixin.py:109} INFO - [2025-04-01 16:13:40,761] {dag.py:2396} INFO - Sync 1 DAGs
[2025-04-01 16:13:40,777] {logging_mixin.py:109} INFO - [2025-04-01 16:13:40,777] {dag.py:2935} INFO - Setting next_dagrun for data_ingestion_gcs_dag to 2025-03-31 00:00:00+00:00
[2025-04-01 16:13:40,790] {processor.py:171} INFO - Processing /opt/airflow/dags/data_ingestion_gcs_dag.py took 0.522 seconds
